[start] 2026-05-13T14:24:06.1475917+09:00
[delete] C:\Users\mulso\Documents\GitHub\fl_data\FashionMNIST_dir0.1_nc20
[delete] C:\Users\mulso\Documents\GitHub\fl_data\FashionMNIST_dir0.1_nc50
[delete] C:\Users\mulso\Documents\GitHub\fl_data\FashionMNIST_dir0.5_nc20
[delete] C:\Users\mulso\Documents\GitHub\fl_data\FashionMNIST_dir0.5_nc50
[delete] C:\Users\mulso\Documents\GitHub\fl_data\FashionMNIST_dir1.0_nc20
[delete] C:\Users\mulso\Documents\GitHub\fl_data\FashionMNIST_dir1.0_nc50
[delete] C:\Users\mulso\Documents\GitHub\fl_data\FashionMNIST_pat_nc20
[delete] C:\Users\mulso\Documents\GitHub\fl_data\FashionMNIST_pat_nc50
[generate] C:\Users\mulso\Documents\GitHub\fl_data\FashionMNIST_pat_nc20 partition=pat alpha=0.1 nc=20
Number of classes: 10
Client 0	 Size of data: 3500	 Labels:  [0 1]
		 Samples of labels:  [(0, 1750), (1, 1750)]
--------------------------------------------------
Client 1	 Size of data: 3500	 Labels:  [0 1]
		 Samples of labels:  [(0, 1750), (1, 1750)]
--------------------------------------------------
Client 2	 Size of data: 3500	 Labels:  [0 1]
		 Samples of labels:  [(0, 1750), (1, 1750)]
--------------------------------------------------
Client 3	 Size of data: 3500	 Labels:  [0 1]
		 Samples of labels:  [(0, 1750), (1, 1750)]
--------------------------------------------------
Client 4	 Size of data: 3500	 Labels:  [2 3]
		 Samples of labels:  [(2, 1750), (3, 1750)]
--------------------------------------------------
Client 5	 Size of data: 3500	 Labels:  [2 3]
		 Samples of labels:  [(2, 1750), (3, 1750)]
--------------------------------------------------
Client 6	 Size of data: 3500	 Labels:  [2 3]
		 Samples of labels:  [(2, 1750), (3, 1750)]
--------------------------------------------------
Client 7	 Size of data: 3500	 Labels:  [2 3]
		 Samples of labels:  [(2, 1750), (3, 1750)]
--------------------------------------------------
Client 8	 Size of data: 3500	 Labels:  [4 5]
		 Samples of labels:  [(4, 1750), (5, 1750)]
--------------------------------------------------
Client 9	 Size of data: 3500	 Labels:  [4 5]
		 Samples of labels:  [(4, 1750), (5, 1750)]
--------------------------------------------------
Client 10	 Size of data: 3500	 Labels:  [4 5]
		 Samples of labels:  [(4, 1750), (5, 1750)]
--------------------------------------------------
Client 11	 Size of data: 3500	 Labels:  [4 5]
		 Samples of labels:  [(4, 1750), (5, 1750)]
--------------------------------------------------
Client 12	 Size of data: 3500	 Labels:  [6 7]
		 Samples of labels:  [(6, 1750), (7, 1750)]
--------------------------------------------------
Client 13	 Size of data: 3500	 Labels:  [6 7]
		 Samples of labels:  [(6, 1750), (7, 1750)]
--------------------------------------------------
Client 14	 Size of data: 3500	 Labels:  [6 7]
		 Samples of labels:  [(6, 1750), (7, 1750)]
--------------------------------------------------
Client 15	 Size of data: 3500	 Labels:  [6 7]
		 Samples of labels:  [(6, 1750), (7, 1750)]
--------------------------------------------------
Client 16	 Size of data: 3500	 Labels:  [8 9]
		 Samples of labels:  [(8, 1750), (9, 1750)]
--------------------------------------------------
Client 17	 Size of data: 3500	 Labels:  [8 9]
		 Samples of labels:  [(8, 1750), (9, 1750)]
--------------------------------------------------
Client 18	 Size of data: 3500	 Labels:  [8 9]
		 Samples of labels:  [(8, 1750), (9, 1750)]
--------------------------------------------------
Client 19	 Size of data: 3500	 Labels:  [8 9]
		 Samples of labels:  [(8, 1750), (9, 1750)]
--------------------------------------------------
Total number of samples: 70000
The number of train samples: [2625, 2625, 2625, 2625, 2625, 2625, 2625, 2625, 2625, 2625, 2625, 2625, 2625, 2625, 2625, 2625, 2625, 2625, 2625, 2625]
The number of test samples: [875, 875, 875, 875, 875, 875, 875, 875, 875, 875, 875, 875, 875, 875, 875, 875, 875, 875, 875, 875]

Saving to disk.

Finish generating dataset.

[generate] C:\Users\mulso\Documents\GitHub\fl_data\FashionMNIST_dir0.1_nc20 partition=dir alpha=0.1 nc=20
Number of classes: 10
Client 0	 Size of data: 82	 Labels:  [0 1 6 8 9]
		 Samples of labels:  [(0, 67), (1, 1), (6, 2), (8, 5), (9, 7)]
--------------------------------------------------
Client 1	 Size of data: 320	 Labels:  [1 3 6 7 9]
		 Samples of labels:  [(1, 157), (3, 19), (6, 35), (7, 15), (9, 94)]
--------------------------------------------------
Client 2	 Size of data: 875	 Labels:  [0 5 7 8]
		 Samples of labels:  [(0, 14), (5, 29), (7, 318), (8, 514)]
--------------------------------------------------
Client 3	 Size of data: 2603	 Labels:  [2 3 4 6 9]
		 Samples of labels:  [(2, 2498), (3, 69), (4, 3), (6, 3), (9, 30)]
--------------------------------------------------
Client 4	 Size of data: 1455	 Labels:  [0 2 3 5 6 9]
		 Samples of labels:  [(0, 1), (2, 680), (3, 662), (5, 2), (6, 8), (9, 102)]
--------------------------------------------------
Client 5	 Size of data: 5473	 Labels:  [0]
		 Samples of labels:  [(0, 5473)]
--------------------------------------------------
Client 6	 Size of data: 4385	 Labels:  [0 2 4 5]
		 Samples of labels:  [(0, 298), (2, 20), (4, 9), (5, 4058)]
--------------------------------------------------
Client 7	 Size of data: 4461	 Labels:  [0 1 2 3 5 6]
		 Samples of labels:  [(0, 285), (1, 23), (2, 7), (3, 2024), (5, 170), (6, 1952)]
--------------------------------------------------
Client 8	 Size of data: 5560	 Labels:  [0 1 2 3 6]
		 Samples of labels:  [(0, 5), (1, 236), (2, 429), (3, 381), (6, 4509)]
--------------------------------------------------
Client 9	 Size of data: 3556	 Labels:  [2 3 4 5 7 8]
		 Samples of labels:  [(2, 11), (3, 2269), (4, 5), (5, 369), (7, 439), (8, 463)]
--------------------------------------------------
Client 10	 Size of data: 6170	 Labels:  [0 1 2 4 7 8]
		 Samples of labels:  [(0, 44), (1, 1324), (2, 8), (4, 1), (7, 940), (8, 3853)]
--------------------------------------------------
Client 11	 Size of data: 6803	 Labels:  [0 1 3 4]
		 Samples of labels:  [(0, 268), (1, 1), (3, 221), (4, 6313)]
--------------------------------------------------
Client 12	 Size of data: 8551	 Labels:  [0 1 2 3 5 6 7 9]
		 Samples of labels:  [(0, 13), (1, 1), (2, 781), (3, 135), (5, 66), (6, 106), (7, 684), (9, 6765)]
--------------------------------------------------
Client 13	 Size of data: 626	 Labels:  [1 2 3 5 6 7 8 9]
		 Samples of labels:  [(1, 1), (2, 148), (3, 6), (5, 244), (6, 220), (7, 4), (8, 2), (9, 1)]
--------------------------------------------------
Client 14	 Size of data: 1328	 Labels:  [0 2 3 7]
		 Samples of labels:  [(0, 10), (2, 215), (3, 915), (7, 188)]
--------------------------------------------------
Client 15	 Size of data: 195	 Labels:  [0 1 2 3 6 8]
		 Samples of labels:  [(0, 46), (1, 4), (2, 5), (3, 4), (6, 120), (8, 16)]
--------------------------------------------------
Client 16	 Size of data: 2937	 Labels:  [0 2 3 4 6 7 8]
		 Samples of labels:  [(0, 1), (2, 322), (3, 21), (4, 191), (6, 6), (7, 249), (8, 2147)]
--------------------------------------------------
Client 17	 Size of data: 4832	 Labels:  [0 1]
		 Samples of labels:  [(0, 71), (1, 4761)]
--------------------------------------------------
Client 18	 Size of data: 5090	 Labels:  [0 3 4 5 6 7]
		 Samples of labels:  [(0, 403), (3, 7), (4, 477), (5, 2), (6, 38), (7, 4163)]
--------------------------------------------------
Client 19	 Size of data: 4698	 Labels:  [0 1 2 3 4 5 6 9]
		 Samples of labels:  [(0, 1), (1, 491), (2, 1876), (3, 267), (4, 1), (5, 2060), (6, 1), (9, 1)]
--------------------------------------------------
Total number of samples: 70000
The number of train samples: [61, 240, 656, 1952, 1091, 4104, 3288, 3345, 4170, 2667, 4627, 5102, 6413, 469, 996, 146, 2202, 3624, 3817, 3523]
The number of test samples: [21, 80, 219, 651, 364, 1369, 1097, 1116, 1390, 889, 1543, 1701, 2138, 157, 332, 49, 735, 1208, 1273, 1175]

Saving to disk.

Finish generating dataset.

[generate] C:\Users\mulso\Documents\GitHub\fl_data\FashionMNIST_dir0.5_nc20 partition=dir alpha=0.5 nc=20
Number of classes: 10
Client 0	 Size of data: 1173	 Labels:  [0 1 2 3 4 5 6 7 8 9]
		 Samples of labels:  [(0, 2), (1, 149), (2, 40), (3, 5), (4, 151), (5, 54), (6, 710), (7, 16), (8, 36), (9, 10)]
--------------------------------------------------
Client 1	 Size of data: 3735	 Labels:  [0 1 2 3 4 5 6 7 8 9]
		 Samples of labels:  [(0, 261), (1, 493), (2, 93), (3, 236), (4, 36), (5, 24), (6, 8), (7, 1011), (8, 317), (9, 1256)]
--------------------------------------------------
Client 2	 Size of data: 3764	 Labels:  [0 1 2 3 4 5 6 7 8]
		 Samples of labels:  [(0, 67), (1, 33), (2, 24), (3, 85), (4, 511), (5, 1330), (6, 715), (7, 535), (8, 464)]
--------------------------------------------------
Client 3	 Size of data: 2730	 Labels:  [0 1 2 3 4 5 6 7 8]
		 Samples of labels:  [(0, 108), (1, 23), (2, 1734), (3, 312), (4, 160), (5, 4), (6, 6), (7, 44), (8, 339)]
--------------------------------------------------
Client 4	 Size of data: 3533	 Labels:  [0 1 2 3 4]
		 Samples of labels:  [(0, 1104), (1, 36), (2, 775), (3, 596), (4, 1022)]
--------------------------------------------------
Client 5	 Size of data: 4324	 Labels:  [0 1 2 3 4 5 6 7 8]
		 Samples of labels:  [(0, 616), (1, 23), (2, 1), (3, 604), (4, 489), (5, 402), (6, 193), (7, 938), (8, 1058)]
--------------------------------------------------
Client 6	 Size of data: 3108	 Labels:  [0 1 2 3 4 5 6 7 8 9]
		 Samples of labels:  [(0, 605), (1, 283), (2, 234), (3, 1), (4, 1), (5, 104), (6, 427), (7, 10), (8, 517), (9, 926)]
--------------------------------------------------
Client 7	 Size of data: 3544	 Labels:  [0 1 2 3 4 5 6 7 8]
		 Samples of labels:  [(0, 26), (1, 571), (2, 182), (3, 933), (4, 192), (5, 1), (6, 3), (7, 400), (8, 1236)]
--------------------------------------------------
Client 8	 Size of data: 3307	 Labels:  [0 1 2 3 4 5 6 7 8 9]
		 Samples of labels:  [(0, 342), (1, 67), (2, 622), (3, 497), (4, 777), (5, 43), (6, 139), (7, 30), (8, 381), (9, 409)]
--------------------------------------------------
Client 9	 Size of data: 4337	 Labels:  [0 1 2 3 4]
		 Samples of labels:  [(0, 592), (1, 1349), (2, 203), (3, 985), (4, 1208)]
--------------------------------------------------
Client 10	 Size of data: 3069	 Labels:  [0 1 2 3 4 5 6 7 8 9]
		 Samples of labels:  [(0, 257), (1, 123), (2, 70), (3, 424), (4, 25), (5, 485), (6, 1060), (7, 147), (8, 365), (9, 113)]
--------------------------------------------------
Client 11	 Size of data: 3902	 Labels:  [0 1 2 3 4 5 6]
		 Samples of labels:  [(0, 17), (1, 145), (2, 835), (3, 370), (4, 72), (5, 2050), (6, 413)]
--------------------------------------------------
Client 12	 Size of data: 4362	 Labels:  [0 1 2 3 4 5 6 7]
		 Samples of labels:  [(0, 238), (1, 979), (2, 413), (3, 181), (4, 629), (5, 95), (6, 420), (7, 1407)]
--------------------------------------------------
Client 13	 Size of data: 3851	 Labels:  [0 1 2 3 4 5 6 7 8]
		 Samples of labels:  [(0, 347), (1, 145), (2, 471), (3, 670), (4, 295), (5, 37), (6, 350), (7, 458), (8, 1078)]
--------------------------------------------------
Client 14	 Size of data: 3918	 Labels:  [0 1 2 3 4 5 6 7 8 9]
		 Samples of labels:  [(0, 112), (1, 48), (2, 172), (3, 164), (4, 42), (5, 201), (6, 657), (7, 651), (8, 84), (9, 1787)]
--------------------------------------------------
Client 15	 Size of data: 1917	 Labels:  [0 1 2 3 4 5 6 7 8 9]
		 Samples of labels:  [(0, 389), (1, 197), (2, 551), (3, 241), (4, 120), (5, 3), (6, 250), (7, 9), (8, 57), (9, 100)]
--------------------------------------------------
Client 16	 Size of data: 3281	 Labels:  [0 1 2 3 4 5 6 7 8 9]
		 Samples of labels:  [(0, 691), (1, 10), (2, 293), (3, 191), (4, 54), (5, 820), (6, 804), (7, 1), (8, 11), (9, 406)]
--------------------------------------------------
Client 17	 Size of data: 4729	 Labels:  [0 1 2 3 4 5 6 7 8 9]
		 Samples of labels:  [(0, 91), (1, 48), (2, 104), (3, 447), (4, 7), (5, 737), (6, 89), (7, 1199), (8, 23), (9, 1984)]
--------------------------------------------------
Client 18	 Size of data: 4027	 Labels:  [0 1 2 3 4 5 6 7 8]
		 Samples of labels:  [(0, 1019), (1, 769), (2, 111), (3, 57), (4, 1058), (5, 4), (6, 307), (7, 63), (8, 639)]
--------------------------------------------------
Client 19	 Size of data: 3389	 Labels:  [0 1 2 3 4 5 6 7 8 9]
		 Samples of labels:  [(0, 116), (1, 1509), (2, 72), (3, 1), (4, 151), (5, 606), (6, 449), (7, 81), (8, 395), (9, 9)]
--------------------------------------------------
Total number of samples: 70000
The number of train samples: [879, 2801, 2823, 2047, 2649, 3243, 2331, 2658, 2480, 3252, 2301, 2926, 3271, 2888, 2938, 1437, 2460, 3546, 3020, 2541]
The number of test samples: [294, 934, 941, 683, 884, 1081, 777, 886, 827, 1085, 768, 976, 1091, 963, 980, 480, 821, 1183, 1007, 848]

Saving to disk.

Finish generating dataset.

[generate] C:\Users\mulso\Documents\GitHub\fl_data\FashionMNIST_dir1.0_nc20 partition=dir alpha=1.0 nc=20
Number of classes: 10
Client 0	 Size of data: 3808	 Labels:  [0 1 2 3 4 5 6 7 8 9]
		 Samples of labels:  [(0, 440), (1, 436), (2, 438), (3, 122), (4, 125), (5, 310), (6, 234), (7, 225), (8, 978), (9, 500)]
--------------------------------------------------
Client 1	 Size of data: 3440	 Labels:  [0 1 2 3 4 5 6 7 8 9]
		 Samples of labels:  [(0, 31), (1, 568), (2, 491), (3, 90), (4, 975), (5, 153), (6, 18), (7, 436), (8, 325), (9, 353)]
--------------------------------------------------
Client 2	 Size of data: 3104	 Labels:  [0 1 2 3 4 5 6 7 8 9]
		 Samples of labels:  [(0, 25), (1, 11), (2, 11), (3, 745), (4, 341), (5, 239), (6, 464), (7, 22), (8, 956), (9, 290)]
--------------------------------------------------
Client 3	 Size of data: 2664	 Labels:  [0 1 2 3 4 5 6 7 8 9]
		 Samples of labels:  [(0, 487), (1, 160), (2, 252), (3, 132), (4, 519), (5, 184), (6, 497), (7, 215), (8, 51), (9, 167)]
--------------------------------------------------
Client 4	 Size of data: 2872	 Labels:  [0 1 2 3 4 5 6 7 8 9]
		 Samples of labels:  [(0, 341), (1, 189), (2, 1106), (3, 220), (4, 74), (5, 180), (6, 41), (7, 68), (8, 501), (9, 152)]
--------------------------------------------------
Client 5	 Size of data: 3905	 Labels:  [0 1 2 3 4 5 6 7 8 9]
		 Samples of labels:  [(0, 223), (1, 1002), (2, 149), (3, 179), (4, 44), (5, 547), (6, 161), (7, 25), (8, 438), (9, 1137)]
--------------------------------------------------
Client 6	 Size of data: 2489	 Labels:  [0 1 2 3 4 5 6 7 8 9]
		 Samples of labels:  [(0, 140), (1, 94), (2, 84), (3, 400), (4, 180), (5, 652), (6, 493), (7, 73), (8, 152), (9, 221)]
--------------------------------------------------
Client 7	 Size of data: 3113	 Labels:  [0 1 2 3 4 5 6 7 8 9]
		 Samples of labels:  [(0, 297), (1, 512), (2, 291), (3, 115), (4, 939), (5, 199), (6, 186), (7, 377), (8, 54), (9, 143)]
--------------------------------------------------
Client 8	 Size of data: 2340	 Labels:  [0 1 2 3 4 5 6 7 8 9]
		 Samples of labels:  [(0, 187), (1, 517), (2, 46), (3, 51), (4, 331), (5, 152), (6, 10), (7, 418), (8, 289), (9, 339)]
--------------------------------------------------
Client 9	 Size of data: 3444	 Labels:  [0 1 2 3 4 5 6 7 8 9]
		 Samples of labels:  [(0, 173), (1, 137), (2, 98), (3, 1099), (4, 263), (5, 118), (6, 696), (7, 414), (8, 314), (9, 132)]
--------------------------------------------------
Client 10	 Size of data: 3543	 Labels:  [0 1 2 3 4 5 6 7]
		 Samples of labels:  [(0, 1441), (1, 270), (2, 18), (3, 86), (4, 271), (5, 154), (6, 989), (7, 314)]
--------------------------------------------------
Client 11	 Size of data: 2778	 Labels:  [0 1 2 3 4 5 6 7 8 9]
		 Samples of labels:  [(0, 90), (1, 146), (2, 395), (3, 84), (4, 16), (5, 287), (6, 1090), (7, 587), (8, 5), (9, 78)]
--------------------------------------------------
Client 12	 Size of data: 4728	 Labels:  [0 1 2 3 4 5]
		 Samples of labels:  [(0, 835), (1, 665), (2, 903), (3, 463), (4, 136), (5, 1726)]
--------------------------------------------------
Client 13	 Size of data: 2919	 Labels:  [0 1 2 3 4 5 6 7 8 9]
		 Samples of labels:  [(0, 17), (1, 607), (2, 445), (3, 508), (4, 59), (5, 98), (6, 37), (7, 61), (8, 592), (9, 495)]
--------------------------------------------------
Client 14	 Size of data: 4075	 Labels:  [0 1 2 3 4 5 6 7]
		 Samples of labels:  [(0, 591), (1, 17), (2, 59), (3, 1232), (4, 243), (5, 353), (6, 550), (7, 1030)]
--------------------------------------------------
Client 15	 Size of data: 3552	 Labels:  [0 1 2 3 4 5 6]
		 Samples of labels:  [(0, 665), (1, 7), (2, 270), (3, 441), (4, 853), (5, 981), (6, 335)]
--------------------------------------------------
Client 16	 Size of data: 4454	 Labels:  [0 1 2 3 4 5 6 7]
		 Samples of labels:  [(0, 585), (1, 337), (2, 707), (3, 144), (4, 481), (5, 59), (6, 385), (7, 1756)]
--------------------------------------------------
Client 17	 Size of data: 4832	 Labels:  [0 1 2 3 4 5 6 7 8 9]
		 Samples of labels:  [(0, 41), (1, 8), (2, 44), (3, 185), (4, 167), (5, 20), (6, 55), (7, 46), (8, 2228), (9, 2038)]
--------------------------------------------------
Client 18	 Size of data: 4354	 Labels:  [0 1 2 3 4 5 6 7 8 9]
		 Samples of labels:  [(0, 293), (1, 767), (2, 658), (3, 554), (4, 249), (5, 115), (6, 301), (7, 347), (8, 116), (9, 954)]
--------------------------------------------------
Client 19	 Size of data: 3586	 Labels:  [0 1 2 3 4 5 6 7 8 9]
		 Samples of labels:  [(0, 98), (1, 550), (2, 535), (3, 150), (4, 734), (5, 473), (6, 458), (7, 586), (8, 1), (9, 1)]
--------------------------------------------------
Total number of samples: 70000
The number of train samples: [2856, 2580, 2328, 1998, 2154, 2928, 1866, 2334, 1755, 2583, 2657, 2083, 3546, 2189, 3056, 2664, 3340, 3624, 3265, 2689]
The number of test samples: [952, 860, 776, 666, 718, 977, 623, 779, 585, 861, 886, 695, 1182, 730, 1019, 888, 1114, 1208, 1089, 897]

Saving to disk.

Finish generating dataset.

[generate] C:\Users\mulso\Documents\GitHub\fl_data\FashionMNIST_pat_nc50 partition=pat alpha=0.1 nc=50
Number of classes: 10
Client 0	 Size of data: 1400	 Labels:  [0 1]
		 Samples of labels:  [(0, 700), (1, 700)]
--------------------------------------------------
Client 1	 Size of data: 1400	 Labels:  [0 1]
		 Samples of labels:  [(0, 700), (1, 700)]
--------------------------------------------------
Client 2	 Size of data: 1400	 Labels:  [0 1]
		 Samples of labels:  [(0, 700), (1, 700)]
--------------------------------------------------
Client 3	 Size of data: 1400	 Labels:  [0 1]
		 Samples of labels:  [(0, 700), (1, 700)]
--------------------------------------------------
Client 4	 Size of data: 1400	 Labels:  [0 1]
		 Samples of labels:  [(0, 700), (1, 700)]
--------------------------------------------------
Client 5	 Size of data: 1400	 Labels:  [0 1]
		 Samples of labels:  [(0, 700), (1, 700)]
--------------------------------------------------
Client 6	 Size of data: 1400	 Labels:  [0 1]
		 Samples of labels:  [(0, 700), (1, 700)]
--------------------------------------------------
Client 7	 Size of data: 1400	 Labels:  [0 1]
		 Samples of labels:  [(0, 700), (1, 700)]
--------------------------------------------------
Client 8	 Size of data: 1400	 Labels:  [0 1]
		 Samples of labels:  [(0, 700), (1, 700)]
--------------------------------------------------
Client 9	 Size of data: 1400	 Labels:  [0 1]
		 Samples of labels:  [(0, 700), (1, 700)]
--------------------------------------------------
Client 10	 Size of data: 1400	 Labels:  [2 3]
		 Samples of labels:  [(2, 700), (3, 700)]
--------------------------------------------------
Client 11	 Size of data: 1400	 Labels:  [2 3]
		 Samples of labels:  [(2, 700), (3, 700)]
--------------------------------------------------
Client 12	 Size of data: 1400	 Labels:  [2 3]
		 Samples of labels:  [(2, 700), (3, 700)]
--------------------------------------------------
Client 13	 Size of data: 1400	 Labels:  [2 3]
		 Samples of labels:  [(2, 700), (3, 700)]
--------------------------------------------------
Client 14	 Size of data: 1400	 Labels:  [2 3]
		 Samples of labels:  [(2, 700), (3, 700)]
--------------------------------------------------
Client 15	 Size of data: 1400	 Labels:  [2 3]
		 Samples of labels:  [(2, 700), (3, 700)]
--------------------------------------------------
Client 16	 Size of data: 1400	 Labels:  [2 3]
		 Samples of labels:  [(2, 700), (3, 700)]
--------------------------------------------------
Client 17	 Size of data: 1400	 Labels:  [2 3]
		 Samples of labels:  [(2, 700), (3, 700)]
--------------------------------------------------
Client 18	 Size of data: 1400	 Labels:  [2 3]
		 Samples of labels:  [(2, 700), (3, 700)]
--------------------------------------------------
Client 19	 Size of data: 1400	 Labels:  [2 3]
		 Samples of labels:  [(2, 700), (3, 700)]
--------------------------------------------------
Client 20	 Size of data: 1400	 Labels:  [4 5]
		 Samples of labels:  [(4, 700), (5, 700)]
--------------------------------------------------
Client 21	 Size of data: 1400	 Labels:  [4 5]
		 Samples of labels:  [(4, 700), (5, 700)]
--------------------------------------------------
Client 22	 Size of data: 1400	 Labels:  [4 5]
		 Samples of labels:  [(4, 700), (5, 700)]
--------------------------------------------------
Client 23	 Size of data: 1400	 Labels:  [4 5]
		 Samples of labels:  [(4, 700), (5, 700)]
--------------------------------------------------
Client 24	 Size of data: 1400	 Labels:  [4 5]
		 Samples of labels:  [(4, 700), (5, 700)]
--------------------------------------------------
Client 25	 Size of data: 1400	 Labels:  [4 5]
		 Samples of labels:  [(4, 700), (5, 700)]
--------------------------------------------------
Client 26	 Size of data: 1400	 Labels:  [4 5]
		 Samples of labels:  [(4, 700), (5, 700)]
--------------------------------------------------
Client 27	 Size of data: 1400	 Labels:  [4 5]
		 Samples of labels:  [(4, 700), (5, 700)]
--------------------------------------------------
Client 28	 Size of data: 1400	 Labels:  [4 5]
		 Samples of labels:  [(4, 700), (5, 700)]
--------------------------------------------------
Client 29	 Size of data: 1400	 Labels:  [4 5]
		 Samples of labels:  [(4, 700), (5, 700)]
--------------------------------------------------
Client 30	 Size of data: 1400	 Labels:  [6 7]
		 Samples of labels:  [(6, 700), (7, 700)]
--------------------------------------------------
Client 31	 Size of data: 1400	 Labels:  [6 7]
		 Samples of labels:  [(6, 700), (7, 700)]
--------------------------------------------------
Client 32	 Size of data: 1400	 Labels:  [6 7]
		 Samples of labels:  [(6, 700), (7, 700)]
--------------------------------------------------
Client 33	 Size of data: 1400	 Labels:  [6 7]
		 Samples of labels:  [(6, 700), (7, 700)]
--------------------------------------------------
Client 34	 Size of data: 1400	 Labels:  [6 7]
		 Samples of labels:  [(6, 700), (7, 700)]
--------------------------------------------------
Client 35	 Size of data: 1400	 Labels:  [6 7]
		 Samples of labels:  [(6, 700), (7, 700)]
--------------------------------------------------
Client 36	 Size of data: 1400	 Labels:  [6 7]
		 Samples of labels:  [(6, 700), (7, 700)]
--------------------------------------------------
Client 37	 Size of data: 1400	 Labels:  [6 7]
		 Samples of labels:  [(6, 700), (7, 700)]
--------------------------------------------------
Client 38	 Size of data: 1400	 Labels:  [6 7]
		 Samples of labels:  [(6, 700), (7, 700)]
--------------------------------------------------
Client 39	 Size of data: 1400	 Labels:  [6 7]
		 Samples of labels:  [(6, 700), (7, 700)]
--------------------------------------------------
Client 40	 Size of data: 1400	 Labels:  [8 9]
		 Samples of labels:  [(8, 700), (9, 700)]
--------------------------------------------------
Client 41	 Size of data: 1400	 Labels:  [8 9]
		 Samples of labels:  [(8, 700), (9, 700)]
--------------------------------------------------
Client 42	 Size of data: 1400	 Labels:  [8 9]
		 Samples of labels:  [(8, 700), (9, 700)]
--------------------------------------------------
Client 43	 Size of data: 1400	 Labels:  [8 9]
		 Samples of labels:  [(8, 700), (9, 700)]
--------------------------------------------------
Client 44	 Size of data: 1400	 Labels:  [8 9]
		 Samples of labels:  [(8, 700), (9, 700)]
--------------------------------------------------
Client 45	 Size of data: 1400	 Labels:  [8 9]
		 Samples of labels:  [(8, 700), (9, 700)]
--------------------------------------------------
Client 46	 Size of data: 1400	 Labels:  [8 9]
		 Samples of labels:  [(8, 700), (9, 700)]
--------------------------------------------------
Client 47	 Size of data: 1400	 Labels:  [8 9]
		 Samples of labels:  [(8, 700), (9, 700)]
--------------------------------------------------
Client 48	 Size of data: 1400	 Labels:  [8 9]
		 Samples of labels:  [(8, 700), (9, 700)]
--------------------------------------------------
Client 49	 Size of data: 1400	 Labels:  [8 9]
		 Samples of labels:  [(8, 700), (9, 700)]
--------------------------------------------------
Total number of samples: 70000
The number of train samples: [1050, 1050, 1050, 1050, 1050, 1050, 1050, 1050, 1050, 1050, 1050, 1050, 1050, 1050, 1050, 1050, 1050, 1050, 1050, 1050, 1050, 1050, 1050, 1050, 1050, 1050, 1050, 1050, 1050, 1050, 1050, 1050, 1050, 1050, 1050, 1050, 1050, 1050, 1050, 1050, 1050, 1050, 1050, 1050, 1050, 1050, 1050, 1050, 1050, 1050]
The number of test samples: [350, 350, 350, 350, 350, 350, 350, 350, 350, 350, 350, 350, 350, 350, 350, 350, 350, 350, 350, 350, 350, 350, 350, 350, 350, 350, 350, 350, 350, 350, 350, 350, 350, 350, 350, 350, 350, 350, 350, 350, 350, 350, 350, 350, 350, 350, 350, 350, 350, 350]

Saving to disk.

Finish generating dataset.

[generate] C:\Users\mulso\Documents\GitHub\fl_data\FashionMNIST_dir0.1_nc50 partition=dir alpha=0.1 nc=50
Number of classes: 10
Client data size does not meet the minimum requirement 40. Try allocating again for the 2-th time.
Client data size does not meet the minimum requirement 40. Try allocating again for the 3-th time.
Client data size does not meet the minimum requirement 40. Try allocating again for the 4-th time.
Client 0	 Size of data: 1249	 Labels:  [1 2 3 5 6 7 8]
		 Samples of labels:  [(1, 173), (2, 7), (3, 28), (5, 3), (6, 23), (7, 1013), (8, 2)]
--------------------------------------------------
Client 1	 Size of data: 85	 Labels:  [0 6 8]
		 Samples of labels:  [(0, 23), (6, 61), (8, 1)]
--------------------------------------------------
Client 2	 Size of data: 4530	 Labels:  [1 2 3 4]
		 Samples of labels:  [(1, 28), (2, 5), (3, 1), (4, 4496)]
--------------------------------------------------
Client 3	 Size of data: 222	 Labels:  [0 3 5 7 9]
		 Samples of labels:  [(0, 61), (3, 1), (5, 1), (7, 153), (9, 6)]
--------------------------------------------------
Client 4	 Size of data: 364	 Labels:  [1 2 3]
		 Samples of labels:  [(1, 354), (2, 4), (3, 6)]
--------------------------------------------------
Client 5	 Size of data: 682	 Labels:  [0 5 6 7]
		 Samples of labels:  [(0, 152), (5, 115), (6, 407), (7, 8)]
--------------------------------------------------
Client 6	 Size of data: 424	 Labels:  [0 1 2 8 9]
		 Samples of labels:  [(0, 27), (1, 323), (2, 21), (8, 1), (9, 52)]
--------------------------------------------------
Client 7	 Size of data: 3189	 Labels:  [1]
		 Samples of labels:  [(1, 3189)]
--------------------------------------------------
Client 8	 Size of data: 670	 Labels:  [1 6]
		 Samples of labels:  [(1, 3), (6, 667)]
--------------------------------------------------
Client 9	 Size of data: 489	 Labels:  [1 2 3 4 5 8 9]
		 Samples of labels:  [(1, 30), (2, 178), (3, 26), (4, 85), (5, 5), (8, 60), (9, 105)]
--------------------------------------------------
Client 10	 Size of data: 1950	 Labels:  [0 3]
		 Samples of labels:  [(0, 164), (3, 1786)]
--------------------------------------------------
Client 11	 Size of data: 1054	 Labels:  [0 2 3 4 5]
		 Samples of labels:  [(0, 36), (2, 756), (3, 13), (4, 193), (5, 56)]
--------------------------------------------------
Client 12	 Size of data: 315	 Labels:  [0 2 4 7 9]
		 Samples of labels:  [(0, 33), (2, 52), (4, 32), (7, 196), (9, 2)]
--------------------------------------------------
Client 13	 Size of data: 3503	 Labels:  [0 1 3 5 6]
		 Samples of labels:  [(0, 461), (1, 71), (3, 61), (5, 112), (6, 2798)]
--------------------------------------------------
Client 14	 Size of data: 1023	 Labels:  [3 5 7 9]
		 Samples of labels:  [(3, 185), (5, 2), (7, 139), (9, 697)]
--------------------------------------------------
Client 15	 Size of data: 523	 Labels:  [1 2 5 6 7 8]
		 Samples of labels:  [(1, 202), (2, 9), (5, 189), (6, 1), (7, 13), (8, 109)]
--------------------------------------------------
Client 16	 Size of data: 3444	 Labels:  [0 7]
		 Samples of labels:  [(0, 1), (7, 3443)]
--------------------------------------------------
Client 17	 Size of data: 318	 Labels:  [6 9]
		 Samples of labels:  [(6, 8), (9, 310)]
--------------------------------------------------
Client 18	 Size of data: 548	 Labels:  [0 1 2 3 5 8]
		 Samples of labels:  [(0, 4), (1, 13), (2, 125), (3, 45), (5, 320), (8, 41)]
--------------------------------------------------
Client 19	 Size of data: 94	 Labels:  [0 2 3 4 9]
		 Samples of labels:  [(0, 17), (2, 16), (3, 2), (4, 2), (9, 57)]
--------------------------------------------------
Client 20	 Size of data: 901	 Labels:  [2 3 7]
		 Samples of labels:  [(2, 22), (3, 865), (7, 14)]
--------------------------------------------------
Client 21	 Size of data: 2208	 Labels:  [0 1 2]
		 Samples of labels:  [(0, 188), (1, 147), (2, 1873)]
--------------------------------------------------
Client 22	 Size of data: 1587	 Labels:  [1 3 4]
		 Samples of labels:  [(1, 1), (3, 65), (4, 1521)]
--------------------------------------------------
Client 23	 Size of data: 1203	 Labels:  [0 2 3 8 9]
		 Samples of labels:  [(0, 173), (2, 8), (3, 671), (8, 331), (9, 20)]
--------------------------------------------------
Client 24	 Size of data: 1565	 Labels:  [2 3 5]
		 Samples of labels:  [(2, 18), (3, 65), (5, 1482)]
--------------------------------------------------
Client 25	 Size of data: 1684	 Labels:  [2 4 5 9]
		 Samples of labels:  [(2, 1), (4, 16), (5, 599), (9, 1068)]
--------------------------------------------------
Client 26	 Size of data: 1698	 Labels:  [1 2 5]
		 Samples of labels:  [(1, 354), (2, 10), (5, 1334)]
--------------------------------------------------
Client 27	 Size of data: 729	 Labels:  [1 4 6 8 9]
		 Samples of labels:  [(1, 1), (4, 6), (6, 59), (8, 661), (9, 2)]
--------------------------------------------------
Client 28	 Size of data: 953	 Labels:  [1 3 7 8 9]
		 Samples of labels:  [(1, 87), (3, 8), (7, 12), (8, 836), (9, 10)]
--------------------------------------------------
Client 29	 Size of data: 732	 Labels:  [0 8]
		 Samples of labels:  [(0, 86), (8, 646)]
--------------------------------------------------
Client 30	 Size of data: 1360	 Labels:  [0 1 5 6 7 8 9]
		 Samples of labels:  [(0, 71), (1, 96), (5, 807), (6, 1), (7, 49), (8, 1), (9, 335)]
--------------------------------------------------
Client 31	 Size of data: 2459	 Labels:  [0 1 2 5]
		 Samples of labels:  [(0, 266), (1, 224), (2, 166), (5, 1803)]
--------------------------------------------------
Client 32	 Size of data: 1507	 Labels:  [0 2 3]
		 Samples of labels:  [(0, 1099), (2, 220), (3, 188)]
--------------------------------------------------
Client 33	 Size of data: 3934	 Labels:  [0 2 3 4 6 7 8]
		 Samples of labels:  [(0, 543), (2, 48), (3, 40), (4, 106), (6, 1), (7, 476), (8, 2720)]
--------------------------------------------------
Client 34	 Size of data: 635	 Labels:  [0 1 2 3 6 7]
		 Samples of labels:  [(0, 43), (1, 2), (2, 6), (3, 1), (6, 1), (7, 582)]
--------------------------------------------------
Client 35	 Size of data: 713	 Labels:  [0 4 7 8 9]
		 Samples of labels:  [(0, 488), (4, 68), (7, 31), (8, 18), (9, 108)]
--------------------------------------------------
Client 36	 Size of data: 114	 Labels:  [2 5 6 8 9]
		 Samples of labels:  [(2, 25), (5, 17), (6, 45), (8, 26), (9, 1)]
--------------------------------------------------
Client 37	 Size of data: 2553	 Labels:  [0]
		 Samples of labels:  [(0, 2553)]
--------------------------------------------------
Client 38	 Size of data: 842	 Labels:  [0 3 4 5 7 8]
		 Samples of labels:  [(0, 446), (3, 2), (4, 1), (5, 1), (7, 27), (8, 365)]
--------------------------------------------------
Client 39	 Size of data: 564	 Labels:  [1 2 3 6 8 9]
		 Samples of labels:  [(1, 4), (2, 395), (3, 20), (6, 52), (8, 12), (9, 81)]
--------------------------------------------------
Client 40	 Size of data: 1528	 Labels:  [3 6]
		 Samples of labels:  [(3, 29), (6, 1499)]
--------------------------------------------------
Client 41	 Size of data: 1345	 Labels:  [0 1 2 3 4 5 7 9]
		 Samples of labels:  [(0, 1), (1, 525), (2, 4), (3, 801), (4, 2), (5, 1), (7, 4), (9, 7)]
--------------------------------------------------
Client 42	 Size of data: 1157	 Labels:  [2 3 4 5 6 7]
		 Samples of labels:  [(2, 34), (3, 25), (4, 160), (5, 98), (6, 1), (7, 839)]
--------------------------------------------------
Client 43	 Size of data: 955	 Labels:  [0 1 3 4 5 9]
		 Samples of labels:  [(0, 45), (1, 515), (3, 381), (4, 2), (5, 11), (9, 1)]
--------------------------------------------------
Client 44	 Size of data: 1794	 Labels:  [0 1 3 6]
		 Samples of labels:  [(0, 2), (1, 535), (3, 108), (6, 1149)]
--------------------------------------------------
Client 45	 Size of data: 5294	 Labels:  [0 1 3 5 8 9]
		 Samples of labels:  [(0, 13), (1, 33), (3, 415), (5, 40), (8, 863), (9, 3930)]
--------------------------------------------------
Client 46	 Size of data: 1491	 Labels:  [1 2 3 4]
		 Samples of labels:  [(1, 66), (2, 1), (3, 1161), (4, 263)]
--------------------------------------------------
Client 47	 Size of data: 395	 Labels:  [1 5 6 9]
		 Samples of labels:  [(1, 22), (5, 3), (6, 210), (9, 160)]
--------------------------------------------------
Client 48	 Size of data: 2998	 Labels:  [0 2]
		 Samples of labels:  [(0, 3), (2, 2995)]
--------------------------------------------------
Client 49	 Size of data: 426	 Labels:  [0 1 2 3 4 5 6 7 8 9]
		 Samples of labels:  [(0, 1), (1, 2), (2, 1), (3, 1), (4, 47), (5, 1), (6, 17), (7, 1), (8, 307), (9, 48)]
--------------------------------------------------
Total number of samples: 70000
The number of train samples: [936, 63, 3397, 166, 273, 511, 318, 2391, 502, 366, 1462, 790, 236, 2627, 767, 392, 2583, 238, 411, 70, 675, 1656, 1190, 902, 1173, 1263, 1273, 546, 714, 549, 1020, 1844, 1130, 2950, 476, 534, 85, 1914, 631, 423, 1146, 1008, 867, 716, 1345, 3970, 1118, 296, 2248, 319]
The number of test samples: [313, 22, 1133, 56, 91, 171, 106, 798, 168, 123, 488, 264, 79, 876, 256, 131, 861, 80, 137, 24, 226, 552, 397, 301, 392, 421, 425, 183, 239, 183, 340, 615, 377, 984, 159, 179, 29, 639, 211, 141, 382, 337, 290, 239, 449, 1324, 373, 99, 750, 107]

Saving to disk.

Finish generating dataset.

[generate] C:\Users\mulso\Documents\GitHub\fl_data\FashionMNIST_dir0.5_nc50 partition=dir alpha=0.5 nc=50
Number of classes: 10
Client 0	 Size of data: 1440	 Labels:  [0 1 2 3 4 5 6 7 8]
		 Samples of labels:  [(0, 1), (1, 75), (2, 120), (3, 446), (4, 139), (5, 179), (6, 37), (7, 117), (8, 326)]
--------------------------------------------------
Client 1	 Size of data: 1470	 Labels:  [0 1 2 3 4 5 6 7 8 9]
		 Samples of labels:  [(0, 100), (1, 543), (2, 329), (3, 67), (4, 216), (5, 9), (6, 48), (7, 39), (8, 4), (9, 115)]
--------------------------------------------------
Client 2	 Size of data: 533	 Labels:  [0 1 2 3 4 5 6 7 9]
		 Samples of labels:  [(0, 25), (1, 47), (2, 48), (3, 42), (4, 270), (5, 39), (6, 16), (7, 44), (9, 2)]
--------------------------------------------------
Client 3	 Size of data: 808	 Labels:  [0 1 3 4 5 6 7 8 9]
		 Samples of labels:  [(0, 42), (1, 25), (3, 124), (4, 31), (5, 12), (6, 86), (7, 256), (8, 150), (9, 82)]
--------------------------------------------------
Client 4	 Size of data: 804	 Labels:  [0 1 2 3 4 5 6 7 8 9]
		 Samples of labels:  [(0, 424), (1, 10), (2, 71), (3, 17), (4, 105), (5, 20), (6, 60), (7, 58), (8, 36), (9, 3)]
--------------------------------------------------
Client 5	 Size of data: 1865	 Labels:  [0 1 2 3 4 5 6 7]
		 Samples of labels:  [(0, 236), (1, 59), (2, 100), (3, 24), (4, 469), (5, 179), (6, 173), (7, 625)]
--------------------------------------------------
Client 6	 Size of data: 1554	 Labels:  [0 1 2 3 4 5 6 7 8 9]
		 Samples of labels:  [(0, 232), (1, 261), (2, 309), (3, 16), (4, 4), (5, 76), (6, 192), (7, 75), (8, 1), (9, 388)]
--------------------------------------------------
Client 7	 Size of data: 1415	 Labels:  [0 1 2 3 4 5 6 7]
		 Samples of labels:  [(0, 10), (1, 175), (2, 7), (3, 205), (4, 109), (5, 801), (6, 14), (7, 94)]
--------------------------------------------------
Client 8	 Size of data: 2828	 Labels:  [0 1 2 3 4 5 6 7 8]
		 Samples of labels:  [(0, 132), (1, 4), (2, 68), (3, 147), (4, 153), (5, 295), (6, 160), (7, 310), (8, 1559)]
--------------------------------------------------
Client 9	 Size of data: 1765	 Labels:  [0 1 2 3 4 5 6 7 8]
		 Samples of labels:  [(0, 227), (1, 358), (2, 217), (3, 103), (4, 31), (5, 53), (6, 56), (7, 162), (8, 558)]
--------------------------------------------------
Client 10	 Size of data: 1703	 Labels:  [0 1 2 3 4 5 6 7 8 9]
		 Samples of labels:  [(0, 98), (1, 338), (2, 92), (3, 136), (4, 69), (5, 28), (6, 188), (7, 30), (8, 91), (9, 633)]
--------------------------------------------------
Client 11	 Size of data: 1482	 Labels:  [0 1 2 3 4 5 6 7 8]
		 Samples of labels:  [(0, 7), (1, 95), (2, 123), (3, 340), (4, 579), (5, 110), (6, 11), (7, 15), (8, 202)]
--------------------------------------------------
Client 12	 Size of data: 1492	 Labels:  [0 1 2 3 4]
		 Samples of labels:  [(0, 91), (1, 4), (2, 1068), (3, 109), (4, 220)]
--------------------------------------------------
Client 13	 Size of data: 1904	 Labels:  [0 1 2 3 5 6 7 8 9]
		 Samples of labels:  [(0, 134), (1, 16), (2, 120), (3, 193), (5, 616), (6, 3), (7, 145), (8, 17), (9, 660)]
--------------------------------------------------
Client 14	 Size of data: 1674	 Labels:  [0 1 2 3 4 5 6 7 8]
		 Samples of labels:  [(0, 42), (1, 162), (2, 3), (3, 46), (4, 6), (5, 114), (6, 642), (7, 19), (8, 640)]
--------------------------------------------------
Client 15	 Size of data: 1881	 Labels:  [0 1 2 3 4 5 6 7 8]
		 Samples of labels:  [(0, 150), (1, 59), (2, 9), (3, 23), (4, 64), (5, 5), (6, 137), (7, 17), (8, 1417)]
--------------------------------------------------
Client 16	 Size of data: 1103	 Labels:  [0 1 2 3 4 5 6 7 8 9]
		 Samples of labels:  [(0, 265), (1, 5), (2, 36), (3, 519), (4, 2), (5, 34), (6, 19), (7, 3), (8, 4), (9, 216)]
--------------------------------------------------
Client 17	 Size of data: 1038	 Labels:  [0 1 2 4 5 6 7 8 9]
		 Samples of labels:  [(0, 35), (1, 16), (2, 259), (4, 76), (5, 141), (6, 90), (7, 163), (8, 1), (9, 257)]
--------------------------------------------------
Client 18	 Size of data: 1733	 Labels:  [0 1 2 3 4 5 6 7]
		 Samples of labels:  [(0, 391), (1, 295), (2, 58), (3, 126), (4, 195), (5, 14), (6, 18), (7, 636)]
--------------------------------------------------
Client 19	 Size of data: 2092	 Labels:  [0 1 2 3 4 5 6 7]
		 Samples of labels:  [(0, 45), (1, 105), (2, 457), (3, 210), (4, 79), (5, 16), (6, 5), (7, 1175)]
--------------------------------------------------
Client 20	 Size of data: 1134	 Labels:  [0 1 2 3 4 5 6 8 9]
		 Samples of labels:  [(0, 17), (1, 32), (2, 102), (3, 291), (4, 201), (5, 298), (6, 69), (8, 64), (9, 60)]
--------------------------------------------------
Client 21	 Size of data: 827	 Labels:  [0 1 2 3 4 5 6 7 8 9]
		 Samples of labels:  [(0, 2), (1, 10), (2, 96), (3, 145), (4, 11), (5, 176), (6, 91), (7, 22), (8, 222), (9, 52)]
--------------------------------------------------
Client 22	 Size of data: 1440	 Labels:  [0 1 2 3 4 5 7 8]
		 Samples of labels:  [(0, 407), (1, 309), (2, 136), (3, 10), (4, 54), (5, 85), (7, 358), (8, 81)]
--------------------------------------------------
Client 23	 Size of data: 1519	 Labels:  [0 1 2 3 4 5 6 8 9]
		 Samples of labels:  [(0, 505), (1, 2), (2, 140), (3, 1), (4, 62), (5, 157), (6, 430), (8, 1), (9, 221)]
--------------------------------------------------
Client 24	 Size of data: 1457	 Labels:  [0 1 2 3 4 5 6 7 8 9]
		 Samples of labels:  [(0, 8), (1, 23), (2, 7), (3, 375), (4, 33), (5, 100), (6, 21), (7, 288), (8, 346), (9, 256)]
--------------------------------------------------
Client 25	 Size of data: 1461	 Labels:  [0 1 2 3]
		 Samples of labels:  [(0, 616), (1, 389), (2, 64), (3, 392)]
--------------------------------------------------
Client 26	 Size of data: 1071	 Labels:  [0 1 2 3 5 6 7 8 9]
		 Samples of labels:  [(0, 19), (1, 23), (2, 83), (3, 11), (5, 28), (6, 41), (7, 91), (8, 27), (9, 748)]
--------------------------------------------------
Client 27	 Size of data: 1246	 Labels:  [0 1 2 3 4 5 6 7 8 9]
		 Samples of labels:  [(0, 249), (1, 97), (2, 320), (3, 6), (4, 12), (5, 137), (6, 80), (7, 3), (8, 1), (9, 341)]
--------------------------------------------------
Client 28	 Size of data: 1540	 Labels:  [1 2 3 4 5 6]
		 Samples of labels:  [(1, 82), (2, 1), (3, 446), (4, 311), (5, 450), (6, 250)]
--------------------------------------------------
Client 29	 Size of data: 2018	 Labels:  [0 1 2 3 4 5 6 7 8 9]
		 Samples of labels:  [(0, 3), (1, 23), (2, 5), (3, 216), (4, 193), (5, 10), (6, 327), (7, 258), (8, 286), (9, 697)]
--------------------------------------------------
Client 30	 Size of data: 1454	 Labels:  [0 1 3 4 5 6]
		 Samples of labels:  [(0, 73), (1, 835), (3, 180), (4, 43), (5, 7), (6, 316)]
--------------------------------------------------
Client 31	 Size of data: 1290	 Labels:  [0 1 2 3 4 5 6 7 8 9]
		 Samples of labels:  [(0, 174), (1, 9), (2, 125), (3, 234), (4, 1), (5, 87), (6, 49), (7, 3), (8, 245), (9, 363)]
--------------------------------------------------
Client 32	 Size of data: 1129	 Labels:  [0 1 2 3 4 5 6 7 8 9]
		 Samples of labels:  [(0, 1), (1, 39), (2, 57), (3, 67), (4, 89), (5, 195), (6, 238), (7, 347), (8, 63), (9, 33)]
--------------------------------------------------
Client 33	 Size of data: 1089	 Labels:  [0 1 2 3 4 5 6 7 8 9]
		 Samples of labels:  [(0, 14), (1, 75), (2, 124), (3, 249), (4, 1), (5, 158), (6, 138), (7, 307), (8, 22), (9, 1)]
--------------------------------------------------
Client 34	 Size of data: 2207	 Labels:  [0 1 2 3 4 5 6]
		 Samples of labels:  [(0, 6), (1, 433), (2, 51), (3, 32), (4, 20), (5, 10), (6, 1655)]
--------------------------------------------------
Client 35	 Size of data: 736	 Labels:  [0 1 2 3 4 5 6 7 8 9]
		 Samples of labels:  [(0, 80), (1, 137), (2, 172), (3, 49), (4, 83), (5, 5), (6, 41), (7, 116), (8, 34), (9, 19)]
--------------------------------------------------
Client 36	 Size of data: 1915	 Labels:  [0 1 2 3 4 5 6 7 8 9]
		 Samples of labels:  [(0, 67), (1, 43), (2, 57), (3, 32), (4, 262), (5, 38), (6, 158), (7, 213), (8, 55), (9, 990)]
--------------------------------------------------
Client 37	 Size of data: 650	 Labels:  [0 1 2 3 4 5 6 7 8 9]
		 Samples of labels:  [(0, 19), (1, 153), (2, 34), (3, 5), (4, 3), (5, 203), (6, 18), (7, 40), (8, 61), (9, 114)]
--------------------------------------------------
Client 38	 Size of data: 1626	 Labels:  [0 1 2 3 4]
		 Samples of labels:  [(0, 30), (1, 110), (2, 41), (3, 234), (4, 1211)]
--------------------------------------------------
Client 39	 Size of data: 670	 Labels:  [0 1 2 3 4 5 6 7 8 9]
		 Samples of labels:  [(0, 78), (1, 10), (2, 9), (3, 73), (4, 164), (5, 281), (6, 4), (7, 22), (8, 26), (9, 3)]
--------------------------------------------------
Client 40	 Size of data: 1966	 Labels:  [1 2 3 5]
		 Samples of labels:  [(1, 308), (2, 101), (3, 635), (5, 922)]
--------------------------------------------------
Client 41	 Size of data: 764	 Labels:  [0 2 3 4 5 6 7 8 9]
		 Samples of labels:  [(0, 12), (2, 1), (3, 4), (4, 39), (5, 7), (6, 85), (7, 600), (8, 2), (9, 14)]
--------------------------------------------------
Client 42	 Size of data: 1442	 Labels:  [0 1 2 3 4 5 6]
		 Samples of labels:  [(0, 464), (1, 5), (2, 16), (3, 13), (4, 632), (5, 182), (6, 130)]
--------------------------------------------------
Client 43	 Size of data: 1267	 Labels:  [0 1 2 3 4 5 6 7 8 9]
		 Samples of labels:  [(0, 5), (1, 74), (2, 456), (3, 91), (4, 27), (5, 28), (6, 162), (7, 68), (8, 271), (9, 85)]
--------------------------------------------------
Client 44	 Size of data: 1458	 Labels:  [0 1 2 3 5 6 7 8]
		 Samples of labels:  [(0, 41), (1, 133), (2, 353), (3, 250), (5, 258), (6, 237), (7, 106), (8, 80)]
--------------------------------------------------
Client 45	 Size of data: 1767	 Labels:  [0 1 2 3 4 5 6]
		 Samples of labels:  [(0, 101), (1, 319), (2, 577), (3, 2), (4, 303), (5, 94), (6, 371)]
--------------------------------------------------
Client 46	 Size of data: 264	 Labels:  [0 2 3 5 6 7 8 9]
		 Samples of labels:  [(0, 5), (2, 124), (3, 1), (5, 4), (6, 22), (7, 89), (8, 17), (9, 2)]
--------------------------------------------------
Client 47	 Size of data: 1638	 Labels:  [0 1 2 3 4 5 6 7 8 9]
		 Samples of labels:  [(0, 162), (1, 31), (2, 58), (3, 41), (4, 400), (5, 141), (6, 92), (7, 19), (8, 55), (9, 639)]
--------------------------------------------------
Client 48	 Size of data: 1577	 Labels:  [0 1]
		 Samples of labels:  [(0, 991), (1, 586)]
--------------------------------------------------
Client 49	 Size of data: 794	 Labels:  [0 1 2 3 4 5 6 7 8 9]
		 Samples of labels:  [(0, 164), (1, 58), (2, 196), (3, 22), (4, 28), (5, 198), (6, 20), (7, 67), (8, 35), (9, 6)]
--------------------------------------------------
Total number of samples: 70000
The number of train samples: [1080, 1102, 399, 606, 603, 1398, 1165, 1061, 2121, 1323, 1277, 1111, 1119, 1428, 1255, 1410, 827, 778, 1299, 1569, 850, 620, 1080, 1139, 1092, 1095, 803, 934, 1155, 1513, 1090, 967, 846, 816, 1655, 552, 1436, 487, 1219, 502, 1474, 573, 1081, 950, 1093, 1325, 198, 1228, 1182, 595]
The number of test samples: [360, 368, 134, 202, 201, 467, 389, 354, 707, 442, 426, 371, 373, 476, 419, 471, 276, 260, 434, 523, 284, 207, 360, 380, 365, 366, 268, 312, 385, 505, 364, 323, 283, 273, 552, 184, 479, 163, 407, 168, 492, 191, 361, 317, 365, 442, 66, 410, 395, 199]

Saving to disk.

Finish generating dataset.

[generate] C:\Users\mulso\Documents\GitHub\fl_data\FashionMNIST_dir1.0_nc50 partition=dir alpha=1.0 nc=50
Number of classes: 10
Client 0	 Size of data: 1426	 Labels:  [0 1 2 3 4 5]
		 Samples of labels:  [(0, 173), (1, 80), (2, 206), (3, 497), (4, 312), (5, 158)]
--------------------------------------------------
Client 1	 Size of data: 1417	 Labels:  [0 1 2 3 4 5 6 7 8 9]
		 Samples of labels:  [(0, 13), (1, 65), (2, 265), (3, 71), (4, 32), (5, 69), (6, 10), (7, 427), (8, 333), (9, 132)]
--------------------------------------------------
Client 2	 Size of data: 1406	 Labels:  [0 1 2 3 4 5 6 7 8 9]
		 Samples of labels:  [(0, 9), (1, 178), (2, 118), (3, 75), (4, 346), (5, 245), (6, 94), (7, 15), (8, 263), (9, 63)]
--------------------------------------------------
Client 3	 Size of data: 1105	 Labels:  [0 1 2 3 4 5 6 7 8 9]
		 Samples of labels:  [(0, 193), (1, 77), (2, 7), (3, 99), (4, 174), (5, 1), (6, 104), (7, 114), (8, 65), (9, 271)]
--------------------------------------------------
Client 4	 Size of data: 1759	 Labels:  [0 1 2 3 4 5 6 7]
		 Samples of labels:  [(0, 134), (1, 32), (2, 103), (3, 403), (4, 50), (5, 2), (6, 281), (7, 754)]
--------------------------------------------------
Client 5	 Size of data: 1084	 Labels:  [0 1 2 3 4 5 6 7 8 9]
		 Samples of labels:  [(0, 88), (1, 236), (2, 126), (3, 113), (4, 81), (5, 27), (6, 76), (7, 242), (8, 51), (9, 44)]
--------------------------------------------------
Client 6	 Size of data: 1622	 Labels:  [0 1 2 3 4 5 6 7 8 9]
		 Samples of labels:  [(0, 55), (1, 25), (2, 225), (3, 82), (4, 38), (5, 117), (6, 66), (7, 138), (8, 226), (9, 650)]
--------------------------------------------------
Client 7	 Size of data: 1467	 Labels:  [0 1 2 3 4 5 6 7]
		 Samples of labels:  [(0, 117), (1, 49), (2, 107), (3, 228), (4, 262), (5, 101), (6, 131), (7, 472)]
--------------------------------------------------
Client 8	 Size of data: 1412	 Labels:  [0 1 2 3 4 5 6 7 8]
		 Samples of labels:  [(0, 74), (1, 34), (2, 178), (3, 10), (4, 66), (5, 251), (6, 280), (7, 107), (8, 412)]
--------------------------------------------------
Client 9	 Size of data: 1413	 Labels:  [0 1 2 3 4 5 6 7 8]
		 Samples of labels:  [(0, 69), (1, 98), (2, 232), (3, 157), (4, 169), (5, 406), (6, 7), (7, 245), (8, 30)]
--------------------------------------------------
Client 10	 Size of data: 1566	 Labels:  [0 1 2 3 4 5 6 7 8 9]
		 Samples of labels:  [(0, 568), (1, 120), (2, 118), (3, 21), (4, 8), (5, 140), (6, 23), (7, 93), (8, 15), (9, 460)]
--------------------------------------------------
Client 11	 Size of data: 1473	 Labels:  [0 1 2 3 4 5 6 7 8]
		 Samples of labels:  [(0, 35), (1, 10), (2, 115), (3, 30), (4, 4), (5, 329), (6, 401), (7, 303), (8, 246)]
--------------------------------------------------
Client 12	 Size of data: 1125	 Labels:  [0 1 2 3 4 5 6 7 8 9]
		 Samples of labels:  [(0, 330), (1, 26), (2, 311), (3, 58), (4, 250), (5, 9), (6, 25), (7, 49), (8, 34), (9, 33)]
--------------------------------------------------
Client 13	 Size of data: 1445	 Labels:  [0 1 2 3 4 5 6 7 8]
		 Samples of labels:  [(0, 7), (1, 349), (2, 111), (3, 507), (4, 92), (5, 112), (6, 61), (7, 22), (8, 184)]
--------------------------------------------------
Client 14	 Size of data: 1145	 Labels:  [0 1 2 3 4 5 6 7 8 9]
		 Samples of labels:  [(0, 233), (1, 125), (2, 4), (3, 43), (4, 83), (5, 10), (6, 226), (7, 13), (8, 44), (9, 364)]
--------------------------------------------------
Client 15	 Size of data: 1726	 Labels:  [0 1 2 3 4 5 6 7 8]
		 Samples of labels:  [(0, 262), (1, 52), (2, 56), (3, 403), (4, 224), (5, 23), (6, 296), (7, 7), (8, 403)]
--------------------------------------------------
Client 16	 Size of data: 960	 Labels:  [0 1 2 3 4 5 6 7 8 9]
		 Samples of labels:  [(0, 231), (1, 195), (2, 191), (3, 68), (4, 39), (5, 23), (6, 87), (7, 27), (8, 33), (9, 66)]
--------------------------------------------------
Client 17	 Size of data: 1451	 Labels:  [0 1 2 3 4 5 6]
		 Samples of labels:  [(0, 16), (1, 149), (2, 276), (3, 25), (4, 643), (5, 113), (6, 229)]
--------------------------------------------------
Client 18	 Size of data: 1402	 Labels:  [0 1 2 3 4 5 6 7 8 9]
		 Samples of labels:  [(0, 116), (1, 49), (2, 201), (3, 225), (4, 190), (5, 256), (6, 200), (7, 63), (8, 4), (9, 98)]
--------------------------------------------------
Client 19	 Size of data: 1262	 Labels:  [0 1 2 3 4 5 6 7 8 9]
		 Samples of labels:  [(0, 38), (1, 118), (2, 182), (3, 11), (4, 288), (5, 144), (6, 128), (7, 66), (8, 84), (9, 203)]
--------------------------------------------------
Client 20	 Size of data: 1229	 Labels:  [0 1 2 3 4 5 6 7 8 9]
		 Samples of labels:  [(0, 32), (1, 321), (2, 54), (3, 237), (4, 301), (5, 77), (6, 21), (7, 115), (8, 1), (9, 70)]
--------------------------------------------------
Client 21	 Size of data: 1364	 Labels:  [0 1 2 4 5 6 7 8 9]
		 Samples of labels:  [(0, 12), (1, 48), (2, 197), (4, 421), (5, 42), (6, 129), (7, 78), (8, 257), (9, 180)]
--------------------------------------------------
Client 22	 Size of data: 698	 Labels:  [0 1 2 3 4 5 6 7 8 9]
		 Samples of labels:  [(0, 161), (1, 70), (2, 51), (3, 2), (4, 14), (5, 56), (6, 35), (7, 134), (8, 122), (9, 53)]
--------------------------------------------------
Client 23	 Size of data: 1250	 Labels:  [0 1 2 3 4 5 6 7 8 9]
		 Samples of labels:  [(0, 277), (1, 165), (2, 102), (3, 44), (4, 25), (5, 123), (6, 114), (7, 115), (8, 121), (9, 164)]
--------------------------------------------------
Client 24	 Size of data: 1683	 Labels:  [0 1 2 3 4 5 6 7 8]
		 Samples of labels:  [(0, 228), (1, 79), (2, 232), (3, 69), (4, 114), (5, 153), (6, 82), (7, 321), (8, 405)]
--------------------------------------------------
Client 25	 Size of data: 1520	 Labels:  [0 1 2 3 4 5]
		 Samples of labels:  [(0, 22), (1, 700), (2, 216), (3, 392), (4, 48), (5, 142)]
--------------------------------------------------
Client 26	 Size of data: 1964	 Labels:  [0 1 2 3 4 5 6 7 8 9]
		 Samples of labels:  [(0, 133), (1, 268), (2, 31), (3, 547), (4, 26), (5, 231), (6, 60), (7, 25), (8, 63), (9, 580)]
--------------------------------------------------
Client 27	 Size of data: 1556	 Labels:  [0 1 2 3 4 5]
		 Samples of labels:  [(0, 366), (1, 27), (2, 146), (3, 41), (4, 196), (5, 780)]
--------------------------------------------------
Client 28	 Size of data: 1719	 Labels:  [0 1 2 3 4 5 6 7 8 9]
		 Samples of labels:  [(0, 25), (1, 79), (2, 232), (3, 121), (4, 132), (5, 27), (6, 386), (7, 200), (8, 195), (9, 322)]
--------------------------------------------------
Client 29	 Size of data: 1289	 Labels:  [0 1 2 3 4 5 6 7 8 9]
		 Samples of labels:  [(0, 204), (1, 36), (2, 72), (3, 244), (4, 123), (5, 16), (6, 39), (7, 314), (8, 222), (9, 19)]
--------------------------------------------------
Client 30	 Size of data: 1380	 Labels:  [0 1 2 3 4 5 6 7 8 9]
		 Samples of labels:  [(0, 127), (1, 39), (2, 79), (3, 63), (4, 205), (5, 372), (6, 7), (7, 33), (8, 214), (9, 241)]
--------------------------------------------------
Client 31	 Size of data: 1405	 Labels:  [0 1 2 3 4 5 6]
		 Samples of labels:  [(0, 247), (1, 243), (2, 379), (3, 213), (4, 35), (5, 93), (6, 195)]
--------------------------------------------------
Client 32	 Size of data: 1718	 Labels:  [0 1 2 3 4 5 6 7 8]
		 Samples of labels:  [(0, 163), (1, 97), (2, 35), (3, 78), (4, 95), (5, 305), (6, 13), (7, 404), (8, 528)]
--------------------------------------------------
Client 33	 Size of data: 1031	 Labels:  [0 1 2 3 4 5 6 7 8 9]
		 Samples of labels:  [(0, 46), (1, 50), (2, 75), (3, 94), (4, 66), (5, 25), (6, 46), (7, 154), (8, 287), (9, 188)]
--------------------------------------------------
Client 34	 Size of data: 1217	 Labels:  [0 1 2 3 4 5 6 7 8 9]
		 Samples of labels:  [(0, 75), (1, 17), (2, 141), (3, 120), (4, 95), (5, 133), (6, 447), (7, 15), (8, 138), (9, 36)]
--------------------------------------------------
Client 35	 Size of data: 1928	 Labels:  [0 1 2 3 4 5 6 7 8 9]
		 Samples of labels:  [(0, 433), (1, 137), (2, 57), (3, 284), (4, 41), (5, 132), (6, 105), (7, 7), (8, 45), (9, 687)]
--------------------------------------------------
Client 36	 Size of data: 1551	 Labels:  [0 1 2 3 4 5 6 7 8]
		 Samples of labels:  [(0, 175), (1, 488), (2, 62), (3, 185), (4, 65), (5, 67), (6, 187), (7, 53), (8, 269)]
--------------------------------------------------
Client 37	 Size of data: 1451	 Labels:  [0 1 2 3 4 5 6 7 8 9]
		 Samples of labels:  [(0, 27), (1, 12), (2, 21), (3, 27), (4, 149), (5, 188), (6, 135), (7, 1), (8, 284), (9, 607)]
--------------------------------------------------
Client 38	 Size of data: 838	 Labels:  [0 1 2 3 4 5 6 7 8 9]
		 Samples of labels:  [(0, 250), (1, 39), (2, 71), (3, 27), (4, 5), (5, 1), (6, 16), (7, 276), (8, 109), (9, 44)]
--------------------------------------------------
Client 39	 Size of data: 1383	 Labels:  [0 1 2 3 4 5 6 7 8 9]
		 Samples of labels:  [(0, 187), (1, 400), (2, 9), (3, 44), (4, 13), (5, 180), (6, 279), (7, 118), (8, 150), (9, 3)]
--------------------------------------------------
Client 40	 Size of data: 1375	 Labels:  [0 1 2 3 4 5 6 7 8 9]
		 Samples of labels:  [(0, 67), (1, 233), (2, 285), (3, 51), (4, 250), (5, 149), (6, 53), (7, 27), (8, 120), (9, 140)]
--------------------------------------------------
Client 41	 Size of data: 1336	 Labels:  [0 1 2 3 4 5 6 7 8 9]
		 Samples of labels:  [(0, 76), (1, 455), (2, 5), (3, 37), (4, 267), (5, 88), (6, 9), (7, 71), (8, 153), (9, 175)]
--------------------------------------------------
Client 42	 Size of data: 1482	 Labels:  [0 1 2 3 4 5 6 7 8]
		 Samples of labels:  [(0, 314), (1, 343), (2, 48), (3, 105), (4, 92), (5, 404), (6, 57), (7, 34), (8, 85)]
--------------------------------------------------
Client 43	 Size of data: 1509	 Labels:  [0 1 2 3 4 5 6]
		 Samples of labels:  [(0, 39), (1, 283), (2, 351), (3, 161), (4, 77), (5, 62), (6, 536)]
--------------------------------------------------
Client 44	 Size of data: 1842	 Labels:  [0 1 2 3 4 5 6 7 8 9]
		 Samples of labels:  [(0, 120), (1, 103), (2, 201), (3, 105), (4, 175), (5, 162), (6, 370), (7, 39), (8, 55), (9, 512)]
--------------------------------------------------
Client 45	 Size of data: 1430	 Labels:  [0 1 2 3 4 5 6 7]
		 Samples of labels:  [(0, 36), (1, 7), (2, 384), (3, 45), (4, 397), (5, 36), (6, 476), (7, 49)]
--------------------------------------------------
Client 46	 Size of data: 1338	 Labels:  [0 1 2 3 4 5 6 7 8 9]
		 Samples of labels:  [(0, 77), (1, 105), (2, 8), (3, 281), (4, 10), (5, 20), (6, 107), (7, 611), (8, 99), (9, 20)]
--------------------------------------------------
Client 47	 Size of data: 1299	 Labels:  [0 1 2 3 4 5 6 7 8 9]
		 Samples of labels:  [(0, 130), (1, 18), (2, 107), (3, 2), (4, 67), (5, 162), (6, 275), (7, 275), (8, 223), (9, 40)]
--------------------------------------------------
Client 48	 Size of data: 921	 Labels:  [0 1 2 3 4 5 6 7 8 9]
		 Samples of labels:  [(0, 44), (1, 2), (2, 38), (3, 57), (4, 138), (5, 49), (6, 78), (7, 280), (8, 104), (9, 131)]
--------------------------------------------------
Client 49	 Size of data: 1628	 Labels:  [0 1 2 3 4 5 6 7 8 9]
		 Samples of labels:  [(0, 146), (1, 69), (2, 179), (3, 198), (4, 7), (5, 189), (6, 18), (7, 94), (8, 324), (9, 404)]
--------------------------------------------------
Total number of samples: 70000
The number of train samples: [1069, 1062, 1054, 828, 1319, 813, 1216, 1100, 1059, 1059, 1174, 1104, 843, 1083, 858, 1294, 720, 1088, 1051, 946, 921, 1023, 523, 937, 1262, 1140, 1473, 1167, 1289, 966, 1035, 1053, 1288, 773, 912, 1446, 1163, 1088, 628, 1037, 1031, 1002, 1111, 1131, 1381, 1072, 1003, 974, 690, 1221]
The number of test samples: [357, 355, 352, 277, 440, 271, 406, 367, 353, 354, 392, 369, 282, 362, 287, 432, 240, 363, 351, 316, 308, 341, 175, 313, 421, 380, 491, 389, 430, 323, 345, 352, 430, 258, 305, 482, 388, 363, 210, 346, 344, 334, 371, 378, 461, 358, 335, 325, 231, 407]

Saving to disk.

Finish generating dataset.

[done] 2026-05-13T14:27:08.4723653+09:00
