
[Info] Experiment logs will be saved to: C:\Users\mulso\Documents\GitHub\FedCD\FedCD-Baseline\logs\cifar10\FedAS\GM_VGG8\dir\0.1\NC_20\date_20260513\time_102747

==================================================
goal = FedAS_dir0.1_nc20_manual_20260513
device = cuda
device_id = 0
dataset = Cifar10_dir0.1_nc20
num_classes = 10
model = VGG8
batch_size = 128
local_learning_rate = 0.005
learning_rate_decay = False
learning_rate_decay_gamma = 0.99
global_rounds = 100
top_cnt = 100
local_epochs = 2
algorithm = FedAS
join_ratio = 1.0
random_join_ratio = False
num_clients = 20
prev = 0
times = 1
seed = 0
eval_gap = 1
eval_common_global = True
global_test_samples = 0
common_eval_batch_size = 256
save_folder_name = items
auto_break = False
dlg_eval = False
dlg_gap = 100
batch_num_per_client = 2
num_new_clients = 0
fine_tuning_epoch_new = 0
feature_dim = 512
vocab_size = 80
max_len = 200
few_shot = 0
client_drop_rate = 0.0
train_slow_rate = 0.0
send_slow_rate = 0.0
time_select = False
time_threthold = 10000
beta = 0.0
lamda = 1.0
mu = 0.0
K = 5
p_learning_rate = 0.01
M = 5
itk = 4000
alphaK = 1.0
sigma = 1.0
alpha = 1.0
plocal_epochs = 1
tau = 1.0
fine_tuning_epochs = 10
dr_learning_rate = 0.0
L = 1.0
noise_dim = 512
generator_learning_rate = 0.005
hidden_dim = 512
server_epochs = 1000
localize_feature_extractor = False
server_learning_rate = 1.0
eta = 1.0
rand_percent = 80
layer_idx = 2
mentee_learning_rate = 0.005
T_start = 0.95
T_end = 0.98
momentum = 0.1
kl_weight = 0.0
first_stage_bound = 0
fedcross_alpha = 0.99
collaberative_model_select_strategy = 1
add_cw = False
add_wdr = False
decision_layer_only = False
partial_layer_train = False
split_train = False
head_lr = 0.005
head_bs = 10
cw_layer_num = 1
add_proto = False
use_true_dist = False
batch_eval = False
clip_weight = False
batch_eval_id = 0
weight_decay = 10.0
exp_dir = C:\Users\mulso\Documents\GitHub\FedCD\FedCD-Baseline\logs\cifar10\FedAS\GM_VGG8\dir\0.1\NC_20\date_20260513\time_102747
log_path = C:\Users\mulso\Documents\GitHub\FedCD\FedCD-Baseline\logs\cifar10\FedAS\GM_VGG8\dir\0.1\NC_20\date_20260513\time_102747\acc.csv
==================================================

============= Running time: 0th =============
Using seed: 0
Creating server and clients ...
VGG8(
  (features): Sequential(
    (0): Conv2d(3, 64, kernel_size=(3, 3), stride=(1, 1), padding=(1, 1))
    (1): BatchNorm2d(64, eps=1e-05, momentum=0.1, affine=True, track_running_stats=True)
    (2): ReLU(inplace=True)
    (3): MaxPool2d(kernel_size=2, stride=2, padding=0, dilation=1, ceil_mode=False)
    (4): Conv2d(64, 128, kernel_size=(3, 3), stride=(1, 1), padding=(1, 1))
    (5): BatchNorm2d(128, eps=1e-05, momentum=0.1, affine=True, track_running_stats=True)
    (6): ReLU(inplace=True)
    (7): MaxPool2d(kernel_size=2, stride=2, padding=0, dilation=1, ceil_mode=False)
    (8): Conv2d(128, 256, kernel_size=(3, 3), stride=(1, 1), padding=(1, 1))
    (9): BatchNorm2d(256, eps=1e-05, momentum=0.1, affine=True, track_running_stats=True)
    (10): ReLU(inplace=True)
    (11): Conv2d(256, 256, kernel_size=(3, 3), stride=(1, 1), padding=(1, 1))
    (12): BatchNorm2d(256, eps=1e-05, momentum=0.1, affine=True, track_running_stats=True)
    (13): ReLU(inplace=True)
    (14): MaxPool2d(kernel_size=2, stride=2, padding=0, dilation=1, ceil_mode=False)
  )
  (avgpool): AdaptiveAvgPool2d(output_size=(1, 1))
  (classifier): Sequential(
    (0): Linear(in_features=256, out_features=256, bias=True)
    (1): ReLU(inplace=True)
    (2): Linear(in_features=256, out_features=10, bias=True)
  )
)
[Baseline] Global Test Set Size: 15005

Join ratio / total clients: 1.0 / 20
Finished creating server and clients.

-------------Round number: 0-------------

Evaluate global model
Averaged Train Loss: 2.3034
Averaged Local Test Accuracy: 0.0990
Averaged Global Test Accuracy: 0.0990
Averaged Test AUC: 0.5011
Std Test Accuracy: 0.2270
Std Test AUC: 0.2425
Client0 : ['71.4']
Client1 : ['400.4']
Client2 : ['155.6']
Client3 : ['505.0']
Client4 : ['85.2']
Client5 : ['715.4']
Client6 : ['77.7']
Client7 : ['451.9']
Client8 : ['586.8']
Client9 : ['827.3']
Client10 : ['30.7']
Client11 : ['120.2']
Client12 : ['317.2']
Client13 : ['144.6']
Client14 : ['578.5']
Client15 : ['562.7']
Client16 : ['687.5']
Client17 : ['633.8']
Client18 : ['86.2']
Client19 : ['820.0']
Avg Sum_T_FIM : ['392.9']
------------------------- time cost ------------------------- 64.61196637153625

-------------Round number: 1-------------

Evaluate global model
Averaged Train Loss: 0.9433
Averaged Local Test Accuracy: 0.7897
Averaged Global Test Accuracy: 0.1165
Averaged Test AUC: 0.9640
Std Test Accuracy: 0.2043
Std Test AUC: 0.0512
Client0 : ['71.4', '181.2']
Client1 : ['400.4', '289.5']
Client2 : ['155.6', '394.9']
Client3 : ['505.0', '220.4']
Client4 : ['85.2', '131.4']
Client5 : ['715.4', '211.8']
Client6 : ['77.7', '285.9']
Client7 : ['451.9', '183.7']
Client8 : ['586.8', '153.8']
Client9 : ['827.3', '165.5']
Client10 : ['30.7', '180.2']
Client11 : ['120.2', '263.8']
Client12 : ['317.2', '576.5']
Client13 : ['144.6', '318.9']
Client14 : ['578.5', '38.9']
Client15 : ['562.7', '175.8']
Client16 : ['687.5', '215.4']
Client17 : ['633.8', '63.1']
Client18 : ['86.2', '56.0']
Client19 : ['820.0', '83.6']
Avg Sum_T_FIM : ['392.9', '209.5']
------------------------- time cost ------------------------- 80.2915711402893

-------------Round number: 2-------------

Evaluate global model
Averaged Train Loss: 0.6129
Averaged Local Test Accuracy: 0.8249
Averaged Global Test Accuracy: 0.1208
Averaged Test AUC: 0.9767
Std Test Accuracy: 0.1631
Std Test AUC: 0.0302
Client0 : ['71.4', '181.2', '138.4']
Client1 : ['400.4', '289.5', '108.3']
Client2 : ['155.6', '394.9', '137.5']
Client3 : ['505.0', '220.4', '103.1']
Client4 : ['85.2', '131.4', '18.5']
Client5 : ['715.4', '211.8', '157.4']
Client6 : ['77.7', '285.9', '149.5']
Client7 : ['451.9', '183.7', '129.3']
Client8 : ['586.8', '153.8', '129.5']
Client9 : ['827.3', '165.5', '91.2']
Client10 : ['30.7', '180.2', '242.4']
Client11 : ['120.2', '263.8', '103.2']
Client12 : ['317.2', '576.5', '386.8']
Client13 : ['144.6', '318.9', '103.1']
Client14 : ['578.5', '38.9', '36.5']
Client15 : ['562.7', '175.8', '153.2']
Client16 : ['687.5', '215.4', '164.3']
Client17 : ['633.8', '63.1', '33.0']
Client18 : ['86.2', '56.0', '58.5']
Client19 : ['820.0', '83.6', '44.3']
Avg Sum_T_FIM : ['392.9', '209.5', '124.4']
------------------------- time cost ------------------------- 87.38675856590271

-------------Round number: 3-------------

Evaluate global model
Averaged Train Loss: 0.5230
Averaged Local Test Accuracy: 0.8301
Averaged Global Test Accuracy: 0.1220
Averaged Test AUC: 0.9791
Std Test Accuracy: 0.1662
Std Test AUC: 0.0288
Client0 : ['71.4', '181.2', '138.4', '95.2']
Client1 : ['400.4', '289.5', '108.3', '108.5']
Client2 : ['155.6', '394.9', '137.5', '99.9']
Client3 : ['505.0', '220.4', '103.1', '101.5']
Client4 : ['85.2', '131.4', '18.5', '14.8']
Client5 : ['715.4', '211.8', '157.4', '226.5']
Client6 : ['77.7', '285.9', '149.5', '79.7']
Client7 : ['451.9', '183.7', '129.3', '114.0']
Client8 : ['586.8', '153.8', '129.5', '82.5']
Client9 : ['827.3', '165.5', '91.2', '83.4']
Client10 : ['30.7', '180.2', '242.4', '124.6']
Client11 : ['120.2', '263.8', '103.2', '77.7']
Client12 : ['317.2', '576.5', '386.8', '394.1']
Client13 : ['144.6', '318.9', '103.1', '71.8']
Client14 : ['578.5', '38.9', '36.5', '34.2']
Client15 : ['562.7', '175.8', '153.2', '179.9']
Client16 : ['687.5', '215.4', '164.3', '186.8']
Client17 : ['633.8', '63.1', '33.0', '22.6']
Client18 : ['86.2', '56.0', '58.5', '42.9']
Client19 : ['820.0', '83.6', '44.3', '28.1']
Avg Sum_T_FIM : ['392.9', '209.5', '124.4', '108.4']
------------------------- time cost ------------------------- 97.139404296875

-------------Round number: 4-------------

Evaluate global model
Averaged Train Loss: 0.4831
Averaged Local Test Accuracy: 0.8383
Averaged Global Test Accuracy: 0.1256
Averaged Test AUC: 0.9807
Std Test Accuracy: 0.1565
Std Test AUC: 0.0277
Client0 : ['71.4', '181.2', '138.4', '95.2', '91.0']
Client1 : ['400.4', '289.5', '108.3', '108.5', '83.7']
Client2 : ['155.6', '394.9', '137.5', '99.9', '43.4']
Client3 : ['505.0', '220.4', '103.1', '101.5', '69.8']
Client4 : ['85.2', '131.4', '18.5', '14.8', '12.6']
Client5 : ['715.4', '211.8', '157.4', '226.5', '850.4']
Client6 : ['77.7', '285.9', '149.5', '79.7', '59.1']
Client7 : ['451.9', '183.7', '129.3', '114.0', '123.7']
Client8 : ['586.8', '153.8', '129.5', '82.5', '45.7']
Client9 : ['827.3', '165.5', '91.2', '83.4', '108.4']
Client10 : ['30.7', '180.2', '242.4', '124.6', '85.8']
Client11 : ['120.2', '263.8', '103.2', '77.7', '84.1']
Client12 : ['317.2', '576.5', '386.8', '394.1', '4071.3']
Client13 : ['144.6', '318.9', '103.1', '71.8', '66.4']
Client14 : ['578.5', '38.9', '36.5', '34.2', '39.8']
Client15 : ['562.7', '175.8', '153.2', '179.9', '204.2']
Client16 : ['687.5', '215.4', '164.3', '186.8', '250.9']
Client17 : ['633.8', '63.1', '33.0', '22.6', '14.8']
Client18 : ['86.2', '56.0', '58.5', '42.9', '43.9']
Client19 : ['820.0', '83.6', '44.3', '28.1', '18.7']
Avg Sum_T_FIM : ['392.9', '209.5', '124.4', '108.4', '318.4']
------------------------- time cost ------------------------- 89.38478779792786

-------------Round number: 5-------------

Evaluate global model
Averaged Train Loss: 0.4677
Averaged Local Test Accuracy: 0.8375
Averaged Global Test Accuracy: 0.1272
Averaged Test AUC: 0.9813
Std Test Accuracy: 0.1583
Std Test AUC: 0.0266
Client0 : ['71.4', '181.2', '138.4', '95.2', '91.0', '78.2']
Client1 : ['400.4', '289.5', '108.3', '108.5', '83.7', '88.4']
Client2 : ['155.6', '394.9', '137.5', '99.9', '43.4', '61.5']
Client3 : ['505.0', '220.4', '103.1', '101.5', '69.8', '88.7']
Client4 : ['85.2', '131.4', '18.5', '14.8', '12.6', '9.9']
Client5 : ['715.4', '211.8', '157.4', '226.5', '850.4', '373.8']
Client6 : ['77.7', '285.9', '149.5', '79.7', '59.1', '55.2']
Client7 : ['451.9', '183.7', '129.3', '114.0', '123.7', '116.0']
Client8 : ['586.8', '153.8', '129.5', '82.5', '45.7', '52.0']
Client9 : ['827.3', '165.5', '91.2', '83.4', '108.4', '80.0']
Client10 : ['30.7', '180.2', '242.4', '124.6', '85.8', '105.5']
Client11 : ['120.2', '263.8', '103.2', '77.7', '84.1', '86.5']
Client12 : ['317.2', '576.5', '386.8', '394.1', '4071.3', '384.9']
Client13 : ['144.6', '318.9', '103.1', '71.8', '66.4', '51.2']
Client14 : ['578.5', '38.9', '36.5', '34.2', '39.8', '42.3']
Client15 : ['562.7', '175.8', '153.2', '179.9', '204.2', '235.4']
Client16 : ['687.5', '215.4', '164.3', '186.8', '250.9', '184.7']
Client17 : ['633.8', '63.1', '33.0', '22.6', '14.8', '10.2']
Client18 : ['86.2', '56.0', '58.5', '42.9', '43.9', '45.1']
Client19 : ['820.0', '83.6', '44.3', '28.1', '18.7', '14.3']
Avg Sum_T_FIM : ['392.9', '209.5', '124.4', '108.4', '318.4', '108.2']
------------------------- time cost ------------------------- 96.66729283332825

-------------Round number: 6-------------

Evaluate global model
Averaged Train Loss: 0.4388
Averaged Local Test Accuracy: 0.8489
Averaged Global Test Accuracy: 0.1302
Averaged Test AUC: 0.9832
Std Test Accuracy: 0.1513
Std Test AUC: 0.0250
Client0 : ['71.4', '181.2', '138.4', '95.2', '91.0', '78.2', '85.7']
Client1 : ['400.4', '289.5', '108.3', '108.5', '83.7', '88.4', '83.9']
Client2 : ['155.6', '394.9', '137.5', '99.9', '43.4', '61.5', '80.2']
Client3 : ['505.0', '220.4', '103.1', '101.5', '69.8', '88.7', '47.4']
Client4 : ['85.2', '131.4', '18.5', '14.8', '12.6', '9.9', '11.8']
Client5 : ['715.4', '211.8', '157.4', '226.5', '850.4', '373.8', '363.1']
Client6 : ['77.7', '285.9', '149.5', '79.7', '59.1', '55.2', '62.5']
Client7 : ['451.9', '183.7', '129.3', '114.0', '123.7', '116.0', '120.2']
Client8 : ['586.8', '153.8', '129.5', '82.5', '45.7', '52.0', '61.3']
Client9 : ['827.3', '165.5', '91.2', '83.4', '108.4', '80.0', '95.1']
Client10 : ['30.7', '180.2', '242.4', '124.6', '85.8', '105.5', '79.8']
Client11 : ['120.2', '263.8', '103.2', '77.7', '84.1', '86.5', '105.7']
Client12 : ['317.2', '576.5', '386.8', '394.1', '4071.3', '384.9', '706.8']
Client13 : ['144.6', '318.9', '103.1', '71.8', '66.4', '51.2', '58.7']
Client14 : ['578.5', '38.9', '36.5', '34.2', '39.8', '42.3', '66.1']
Client15 : ['562.7', '175.8', '153.2', '179.9', '204.2', '235.4', '245.0']
Client16 : ['687.5', '215.4', '164.3', '186.8', '250.9', '184.7', '785.8']
Client17 : ['633.8', '63.1', '33.0', '22.6', '14.8', '10.2', '5.6']
Client18 : ['86.2', '56.0', '58.5', '42.9', '43.9', '45.1', '37.8']
Client19 : ['820.0', '83.6', '44.3', '28.1', '18.7', '14.3', '9.4']
Avg Sum_T_FIM : ['392.9', '209.5', '124.4', '108.4', '318.4', '108.2', '155.6']
------------------------- time cost ------------------------- 86.97676658630371

-------------Round number: 7-------------

Evaluate global model
Averaged Train Loss: 0.4255
Averaged Local Test Accuracy: 0.8512
Averaged Global Test Accuracy: 0.1322
Averaged Test AUC: 0.9840
Std Test Accuracy: 0.1500
Std Test AUC: 0.0238
Client0 : ['71.4', '181.2', '138.4', '95.2', '91.0', '78.2', '85.7', '108.8']
Client1 : ['400.4', '289.5', '108.3', '108.5', '83.7', '88.4', '83.9', '52.5']
Client2 : ['155.6', '394.9', '137.5', '99.9', '43.4', '61.5', '80.2', '40.4']
Client3 : ['505.0', '220.4', '103.1', '101.5', '69.8', '88.7', '47.4', '42.1']
Client4 : ['85.2', '131.4', '18.5', '14.8', '12.6', '9.9', '11.8', '6.5']
Client5 : ['715.4', '211.8', '157.4', '226.5', '850.4', '373.8', '363.1', '381.9']
Client6 : ['77.7', '285.9', '149.5', '79.7', '59.1', '55.2', '62.5', '52.9']
Client7 : ['451.9', '183.7', '129.3', '114.0', '123.7', '116.0', '120.2', '135.5']
Client8 : ['586.8', '153.8', '129.5', '82.5', '45.7', '52.0', '61.3', '77.2']
Client9 : ['827.3', '165.5', '91.2', '83.4', '108.4', '80.0', '95.1', '133.9']
Client10 : ['30.7', '180.2', '242.4', '124.6', '85.8', '105.5', '79.8', '64.8']
Client11 : ['120.2', '263.8', '103.2', '77.7', '84.1', '86.5', '105.7', '101.1']
Client12 : ['317.2', '576.5', '386.8', '394.1', '4071.3', '384.9', '706.8', '720.1']
Client13 : ['144.6', '318.9', '103.1', '71.8', '66.4', '51.2', '58.7', '72.2']
Client14 : ['578.5', '38.9', '36.5', '34.2', '39.8', '42.3', '66.1', '126.6']
Client15 : ['562.7', '175.8', '153.2', '179.9', '204.2', '235.4', '245.0', '658.2']
Client16 : ['687.5', '215.4', '164.3', '186.8', '250.9', '184.7', '785.8', '749.9']
Client17 : ['633.8', '63.1', '33.0', '22.6', '14.8', '10.2', '5.6', '4.0']
Client18 : ['86.2', '56.0', '58.5', '42.9', '43.9', '45.1', '37.8', '39.5']
Client19 : ['820.0', '83.6', '44.3', '28.1', '18.7', '14.3', '9.4', '7.9']
Avg Sum_T_FIM : ['392.9', '209.5', '124.4', '108.4', '318.4', '108.2', '155.6', '178.8']
------------------------- time cost ------------------------- 97.25678634643555

-------------Round number: 8-------------

Evaluate global model
Averaged Train Loss: 0.4149
Averaged Local Test Accuracy: 0.8554
Averaged Global Test Accuracy: 0.1352
Averaged Test AUC: 0.9846
Std Test Accuracy: 0.1406
Std Test AUC: 0.0231
Client0 : ['71.4', '181.2', '138.4', '95.2', '91.0', '78.2', '85.7', '108.8', '86.7']
Client1 : ['400.4', '289.5', '108.3', '108.5', '83.7', '88.4', '83.9', '52.5', '189.3']
Client2 : ['155.6', '394.9', '137.5', '99.9', '43.4', '61.5', '80.2', '40.4', '35.9']
Client3 : ['505.0', '220.4', '103.1', '101.5', '69.8', '88.7', '47.4', '42.1', '55.2']
Client4 : ['85.2', '131.4', '18.5', '14.8', '12.6', '9.9', '11.8', '6.5', '5.5']
Client5 : ['715.4', '211.8', '157.4', '226.5', '850.4', '373.8', '363.1', '381.9', '1573.1']
Client6 : ['77.7', '285.9', '149.5', '79.7', '59.1', '55.2', '62.5', '52.9', '53.2']
Client7 : ['451.9', '183.7', '129.3', '114.0', '123.7', '116.0', '120.2', '135.5', '107.1']
Client8 : ['586.8', '153.8', '129.5', '82.5', '45.7', '52.0', '61.3', '77.2', '55.4']
Client9 : ['827.3', '165.5', '91.2', '83.4', '108.4', '80.0', '95.1', '133.9', '85.0']
Client10 : ['30.7', '180.2', '242.4', '124.6', '85.8', '105.5', '79.8', '64.8', '44.5']
Client11 : ['120.2', '263.8', '103.2', '77.7', '84.1', '86.5', '105.7', '101.1', '93.3']
Client12 : ['317.2', '576.5', '386.8', '394.1', '4071.3', '384.9', '706.8', '720.1', '7577.6']
Client13 : ['144.6', '318.9', '103.1', '71.8', '66.4', '51.2', '58.7', '72.2', '47.5']
Client14 : ['578.5', '38.9', '36.5', '34.2', '39.8', '42.3', '66.1', '126.6', '179.7']
Client15 : ['562.7', '175.8', '153.2', '179.9', '204.2', '235.4', '245.0', '658.2', '342.0']
Client16 : ['687.5', '215.4', '164.3', '186.8', '250.9', '184.7', '785.8', '749.9', '350.2']
Client17 : ['633.8', '63.1', '33.0', '22.6', '14.8', '10.2', '5.6', '4.0', '2.7']
Client18 : ['86.2', '56.0', '58.5', '42.9', '43.9', '45.1', '37.8', '39.5', '40.7']
Client19 : ['820.0', '83.6', '44.3', '28.1', '18.7', '14.3', '9.4', '7.9', '6.0']
Avg Sum_T_FIM : ['392.9', '209.5', '124.4', '108.4', '318.4', '108.2', '155.6', '178.8', '546.5']
------------------------- time cost ------------------------- 89.56472706794739

-------------Round number: 9-------------

Evaluate global model
Averaged Train Loss: 0.4131
Averaged Local Test Accuracy: 0.8590
Averaged Global Test Accuracy: 0.1372
Averaged Test AUC: 0.9852
Std Test Accuracy: 0.1347
Std Test AUC: 0.0222
Client0 : ['71.4', '181.2', '138.4', '95.2', '91.0', '78.2', '85.7', '108.8', '86.7', '105.0']
Client1 : ['400.4', '289.5', '108.3', '108.5', '83.7', '88.4', '83.9', '52.5', '189.3', '64.3']
Client2 : ['155.6', '394.9', '137.5', '99.9', '43.4', '61.5', '80.2', '40.4', '35.9', '45.5']
Client3 : ['505.0', '220.4', '103.1', '101.5', '69.8', '88.7', '47.4', '42.1', '55.2', '43.4']
Client4 : ['85.2', '131.4', '18.5', '14.8', '12.6', '9.9', '11.8', '6.5', '5.5', '5.9']
Client5 : ['715.4', '211.8', '157.4', '226.5', '850.4', '373.8', '363.1', '381.9', '1573.1', '1255.7']
Client6 : ['77.7', '285.9', '149.5', '79.7', '59.1', '55.2', '62.5', '52.9', '53.2', '42.4']
Client7 : ['451.9', '183.7', '129.3', '114.0', '123.7', '116.0', '120.2', '135.5', '107.1', '779.2']
Client8 : ['586.8', '153.8', '129.5', '82.5', '45.7', '52.0', '61.3', '77.2', '55.4', '72.9']
Client9 : ['827.3', '165.5', '91.2', '83.4', '108.4', '80.0', '95.1', '133.9', '85.0', '178.8']
Client10 : ['30.7', '180.2', '242.4', '124.6', '85.8', '105.5', '79.8', '64.8', '44.5', '71.1']
Client11 : ['120.2', '263.8', '103.2', '77.7', '84.1', '86.5', '105.7', '101.1', '93.3', '99.0']
Client12 : ['317.2', '576.5', '386.8', '394.1', '4071.3', '384.9', '706.8', '720.1', '7577.6', '1673.1']
Client13 : ['144.6', '318.9', '103.1', '71.8', '66.4', '51.2', '58.7', '72.2', '47.5', '89.7']
Client14 : ['578.5', '38.9', '36.5', '34.2', '39.8', '42.3', '66.1', '126.6', '179.7', '36.4']
Client15 : ['562.7', '175.8', '153.2', '179.9', '204.2', '235.4', '245.0', '658.2', '342.0', '431.0']
Client16 : ['687.5', '215.4', '164.3', '186.8', '250.9', '184.7', '785.8', '749.9', '350.2', '427.1']
Client17 : ['633.8', '63.1', '33.0', '22.6', '14.8', '10.2', '5.6', '4.0', '2.7', '1.7']
Client18 : ['86.2', '56.0', '58.5', '42.9', '43.9', '45.1', '37.8', '39.5', '40.7', '41.6']
Client19 : ['820.0', '83.6', '44.3', '28.1', '18.7', '14.3', '9.4', '7.9', '6.0', '6.1']
Avg Sum_T_FIM : ['392.9', '209.5', '124.4', '108.4', '318.4', '108.2', '155.6', '178.8', '546.5', '273.5']
------------------------- time cost ------------------------- 96.11113286018372

-------------Round number: 10-------------

Evaluate global model
Averaged Train Loss: 0.4006
Averaged Local Test Accuracy: 0.8616
Averaged Global Test Accuracy: 0.1376
Averaged Test AUC: 0.9858
Std Test Accuracy: 0.1319
Std Test AUC: 0.0216
Client0 : ['71.4', '181.2', '138.4', '95.2', '91.0', '78.2', '85.7', '108.8', '86.7', '105.0', '115.8']
Client1 : ['400.4', '289.5', '108.3', '108.5', '83.7', '88.4', '83.9', '52.5', '189.3', '64.3', '143.1']
Client2 : ['155.6', '394.9', '137.5', '99.9', '43.4', '61.5', '80.2', '40.4', '35.9', '45.5', '53.0']
Client3 : ['505.0', '220.4', '103.1', '101.5', '69.8', '88.7', '47.4', '42.1', '55.2', '43.4', '127.3']
Client4 : ['85.2', '131.4', '18.5', '14.8', '12.6', '9.9', '11.8', '6.5', '5.5', '5.9', '5.4']
Client5 : ['715.4', '211.8', '157.4', '226.5', '850.4', '373.8', '363.1', '381.9', '1573.1', '1255.7', '1898.1']
Client6 : ['77.7', '285.9', '149.5', '79.7', '59.1', '55.2', '62.5', '52.9', '53.2', '42.4', '57.8']
Client7 : ['451.9', '183.7', '129.3', '114.0', '123.7', '116.0', '120.2', '135.5', '107.1', '779.2', '428.9']
Client8 : ['586.8', '153.8', '129.5', '82.5', '45.7', '52.0', '61.3', '77.2', '55.4', '72.9', '82.0']
Client9 : ['827.3', '165.5', '91.2', '83.4', '108.4', '80.0', '95.1', '133.9', '85.0', '178.8', '133.1']
Client10 : ['30.7', '180.2', '242.4', '124.6', '85.8', '105.5', '79.8', '64.8', '44.5', '71.1', '85.4']
Client11 : ['120.2', '263.8', '103.2', '77.7', '84.1', '86.5', '105.7', '101.1', '93.3', '99.0', '104.1']
Client12 : ['317.2', '576.5', '386.8', '394.1', '4071.3', '384.9', '706.8', '720.1', '7577.6', '1673.1', '3604.0']
Client13 : ['144.6', '318.9', '103.1', '71.8', '66.4', '51.2', '58.7', '72.2', '47.5', '89.7', '87.5']
Client14 : ['578.5', '38.9', '36.5', '34.2', '39.8', '42.3', '66.1', '126.6', '179.7', '36.4', '35.9']
Client15 : ['562.7', '175.8', '153.2', '179.9', '204.2', '235.4', '245.0', '658.2', '342.0', '431.0', '1428.0']
Client16 : ['687.5', '215.4', '164.3', '186.8', '250.9', '184.7', '785.8', '749.9', '350.2', '427.1', '2288.6']
Client17 : ['633.8', '63.1', '33.0', '22.6', '14.8', '10.2', '5.6', '4.0', '2.7', '1.7', '1.1']
Client18 : ['86.2', '56.0', '58.5', '42.9', '43.9', '45.1', '37.8', '39.5', '40.7', '41.6', '43.6']
Client19 : ['820.0', '83.6', '44.3', '28.1', '18.7', '14.3', '9.4', '7.9', '6.0', '6.1', '4.2']
Avg Sum_T_FIM : ['392.9', '209.5', '124.4', '108.4', '318.4', '108.2', '155.6', '178.8', '546.5', '273.5', '536.4']
------------------------- time cost ------------------------- 87.64024662971497

-------------Round number: 11-------------

Evaluate global model
Averaged Train Loss: 0.3968
Averaged Local Test Accuracy: 0.8608
Averaged Global Test Accuracy: 0.1390
Averaged Test AUC: 0.9859
Std Test Accuracy: 0.1322
Std Test AUC: 0.0211
Client0 : ['71.4', '181.2', '138.4', '95.2', '91.0', '78.2', '85.7', '108.8', '86.7', '105.0', '115.8', '152.9']
Client1 : ['400.4', '289.5', '108.3', '108.5', '83.7', '88.4', '83.9', '52.5', '189.3', '64.3', '143.1', '88.2']
Client2 : ['155.6', '394.9', '137.5', '99.9', '43.4', '61.5', '80.2', '40.4', '35.9', '45.5', '53.0', '33.2']
Client3 : ['505.0', '220.4', '103.1', '101.5', '69.8', '88.7', '47.4', '42.1', '55.2', '43.4', '127.3', '77.5']
Client4 : ['85.2', '131.4', '18.5', '14.8', '12.6', '9.9', '11.8', '6.5', '5.5', '5.9', '5.4', '6.7']
Client5 : ['715.4', '211.8', '157.4', '226.5', '850.4', '373.8', '363.1', '381.9', '1573.1', '1255.7', '1898.1', '814.6']
Client6 : ['77.7', '285.9', '149.5', '79.7', '59.1', '55.2', '62.5', '52.9', '53.2', '42.4', '57.8', '70.8']
Client7 : ['451.9', '183.7', '129.3', '114.0', '123.7', '116.0', '120.2', '135.5', '107.1', '779.2', '428.9', '210.8']
Client8 : ['586.8', '153.8', '129.5', '82.5', '45.7', '52.0', '61.3', '77.2', '55.4', '72.9', '82.0', '123.9']
Client9 : ['827.3', '165.5', '91.2', '83.4', '108.4', '80.0', '95.1', '133.9', '85.0', '178.8', '133.1', '183.2']
Client10 : ['30.7', '180.2', '242.4', '124.6', '85.8', '105.5', '79.8', '64.8', '44.5', '71.1', '85.4', '59.8']
Client11 : ['120.2', '263.8', '103.2', '77.7', '84.1', '86.5', '105.7', '101.1', '93.3', '99.0', '104.1', '115.1']
Client12 : ['317.2', '576.5', '386.8', '394.1', '4071.3', '384.9', '706.8', '720.1', '7577.6', '1673.1', '3604.0', '1423.3']
Client13 : ['144.6', '318.9', '103.1', '71.8', '66.4', '51.2', '58.7', '72.2', '47.5', '89.7', '87.5', '83.5']
Client14 : ['578.5', '38.9', '36.5', '34.2', '39.8', '42.3', '66.1', '126.6', '179.7', '36.4', '35.9', '56.2']
Client15 : ['562.7', '175.8', '153.2', '179.9', '204.2', '235.4', '245.0', '658.2', '342.0', '431.0', '1428.0', '640.1']
Client16 : ['687.5', '215.4', '164.3', '186.8', '250.9', '184.7', '785.8', '749.9', '350.2', '427.1', '2288.6', '1415.9']
Client17 : ['633.8', '63.1', '33.0', '22.6', '14.8', '10.2', '5.6', '4.0', '2.7', '1.7', '1.1', '0.8']
Client18 : ['86.2', '56.0', '58.5', '42.9', '43.9', '45.1', '37.8', '39.5', '40.7', '41.6', '43.6', '38.0']
Client19 : ['820.0', '83.6', '44.3', '28.1', '18.7', '14.3', '9.4', '7.9', '6.0', '6.1', '4.2', '4.0']
Avg Sum_T_FIM : ['392.9', '209.5', '124.4', '108.4', '318.4', '108.2', '155.6', '178.8', '546.5', '273.5', '536.4', '279.9']
------------------------- time cost ------------------------- 97.1269690990448

-------------Round number: 12-------------

Evaluate global model
Averaged Train Loss: 0.3857
Averaged Local Test Accuracy: 0.8658
Averaged Global Test Accuracy: 0.1408
Averaged Test AUC: 0.9865
Std Test Accuracy: 0.1312
Std Test AUC: 0.0209
Client0 : ['71.4', '181.2', '138.4', '95.2', '91.0', '78.2', '85.7', '108.8', '86.7', '105.0', '115.8', '152.9', '180.4']
Client1 : ['400.4', '289.5', '108.3', '108.5', '83.7', '88.4', '83.9', '52.5', '189.3', '64.3', '143.1', '88.2', '118.2']
Client2 : ['155.6', '394.9', '137.5', '99.9', '43.4', '61.5', '80.2', '40.4', '35.9', '45.5', '53.0', '33.2', '62.8']
Client3 : ['505.0', '220.4', '103.1', '101.5', '69.8', '88.7', '47.4', '42.1', '55.2', '43.4', '127.3', '77.5', '74.2']
Client4 : ['85.2', '131.4', '18.5', '14.8', '12.6', '9.9', '11.8', '6.5', '5.5', '5.9', '5.4', '6.7', '4.9']
Client5 : ['715.4', '211.8', '157.4', '226.5', '850.4', '373.8', '363.1', '381.9', '1573.1', '1255.7', '1898.1', '814.6', '947.4']
Client6 : ['77.7', '285.9', '149.5', '79.7', '59.1', '55.2', '62.5', '52.9', '53.2', '42.4', '57.8', '70.8', '76.4']
Client7 : ['451.9', '183.7', '129.3', '114.0', '123.7', '116.0', '120.2', '135.5', '107.1', '779.2', '428.9', '210.8', '166.6']
Client8 : ['586.8', '153.8', '129.5', '82.5', '45.7', '52.0', '61.3', '77.2', '55.4', '72.9', '82.0', '123.9', '82.0']
Client9 : ['827.3', '165.5', '91.2', '83.4', '108.4', '80.0', '95.1', '133.9', '85.0', '178.8', '133.1', '183.2', '161.1']
Client10 : ['30.7', '180.2', '242.4', '124.6', '85.8', '105.5', '79.8', '64.8', '44.5', '71.1', '85.4', '59.8', '85.3']
Client11 : ['120.2', '263.8', '103.2', '77.7', '84.1', '86.5', '105.7', '101.1', '93.3', '99.0', '104.1', '115.1', '110.5']
Client12 : ['317.2', '576.5', '386.8', '394.1', '4071.3', '384.9', '706.8', '720.1', '7577.6', '1673.1', '3604.0', '1423.3', '5748.4']
Client13 : ['144.6', '318.9', '103.1', '71.8', '66.4', '51.2', '58.7', '72.2', '47.5', '89.7', '87.5', '83.5', '99.1']
Client14 : ['578.5', '38.9', '36.5', '34.2', '39.8', '42.3', '66.1', '126.6', '179.7', '36.4', '35.9', '56.2', '65.9']
Client15 : ['562.7', '175.8', '153.2', '179.9', '204.2', '235.4', '245.0', '658.2', '342.0', '431.0', '1428.0', '640.1', '1152.0']
Client16 : ['687.5', '215.4', '164.3', '186.8', '250.9', '184.7', '785.8', '749.9', '350.2', '427.1', '2288.6', '1415.9', '811.4']
Client17 : ['633.8', '63.1', '33.0', '22.6', '14.8', '10.2', '5.6', '4.0', '2.7', '1.7', '1.1', '0.8', '0.6']
Client18 : ['86.2', '56.0', '58.5', '42.9', '43.9', '45.1', '37.8', '39.5', '40.7', '41.6', '43.6', '38.0', '37.3']
Client19 : ['820.0', '83.6', '44.3', '28.1', '18.7', '14.3', '9.4', '7.9', '6.0', '6.1', '4.2', '4.0', '5.7']
Avg Sum_T_FIM : ['392.9', '209.5', '124.4', '108.4', '318.4', '108.2', '155.6', '178.8', '546.5', '273.5', '536.4', '279.9', '499.5']
------------------------- time cost ------------------------- 88.72248911857605

-------------Round number: 13-------------

Evaluate global model
Averaged Train Loss: 0.3852
Averaged Local Test Accuracy: 0.8630
Averaged Global Test Accuracy: 0.1403
Averaged Test AUC: 0.9866
Std Test Accuracy: 0.1331
Std Test AUC: 0.0208
Client0 : ['71.4', '181.2', '138.4', '95.2', '91.0', '78.2', '85.7', '108.8', '86.7', '105.0', '115.8', '152.9', '180.4', '134.5']
Client1 : ['400.4', '289.5', '108.3', '108.5', '83.7', '88.4', '83.9', '52.5', '189.3', '64.3', '143.1', '88.2', '118.2', '201.6']
Client2 : ['155.6', '394.9', '137.5', '99.9', '43.4', '61.5', '80.2', '40.4', '35.9', '45.5', '53.0', '33.2', '62.8', '202.7']
Client3 : ['505.0', '220.4', '103.1', '101.5', '69.8', '88.7', '47.4', '42.1', '55.2', '43.4', '127.3', '77.5', '74.2', '48.2']
Client4 : ['85.2', '131.4', '18.5', '14.8', '12.6', '9.9', '11.8', '6.5', '5.5', '5.9', '5.4', '6.7', '4.9', '6.0']
Client5 : ['715.4', '211.8', '157.4', '226.5', '850.4', '373.8', '363.1', '381.9', '1573.1', '1255.7', '1898.1', '814.6', '947.4', '470.2']
Client6 : ['77.7', '285.9', '149.5', '79.7', '59.1', '55.2', '62.5', '52.9', '53.2', '42.4', '57.8', '70.8', '76.4', '113.7']
Client7 : ['451.9', '183.7', '129.3', '114.0', '123.7', '116.0', '120.2', '135.5', '107.1', '779.2', '428.9', '210.8', '166.6', '345.1']
Client8 : ['586.8', '153.8', '129.5', '82.5', '45.7', '52.0', '61.3', '77.2', '55.4', '72.9', '82.0', '123.9', '82.0', '85.6']
Client9 : ['827.3', '165.5', '91.2', '83.4', '108.4', '80.0', '95.1', '133.9', '85.0', '178.8', '133.1', '183.2', '161.1', '122.5']
Client10 : ['30.7', '180.2', '242.4', '124.6', '85.8', '105.5', '79.8', '64.8', '44.5', '71.1', '85.4', '59.8', '85.3', '63.7']
Client11 : ['120.2', '263.8', '103.2', '77.7', '84.1', '86.5', '105.7', '101.1', '93.3', '99.0', '104.1', '115.1', '110.5', '174.6']
Client12 : ['317.2', '576.5', '386.8', '394.1', '4071.3', '384.9', '706.8', '720.1', '7577.6', '1673.1', '3604.0', '1423.3', '5748.4', '1466.9']
Client13 : ['144.6', '318.9', '103.1', '71.8', '66.4', '51.2', '58.7', '72.2', '47.5', '89.7', '87.5', '83.5', '99.1', '85.2']
Client14 : ['578.5', '38.9', '36.5', '34.2', '39.8', '42.3', '66.1', '126.6', '179.7', '36.4', '35.9', '56.2', '65.9', '39.9']
Client15 : ['562.7', '175.8', '153.2', '179.9', '204.2', '235.4', '245.0', '658.2', '342.0', '431.0', '1428.0', '640.1', '1152.0', '779.5']
Client16 : ['687.5', '215.4', '164.3', '186.8', '250.9', '184.7', '785.8', '749.9', '350.2', '427.1', '2288.6', '1415.9', '811.4', '557.4']
Client17 : ['633.8', '63.1', '33.0', '22.6', '14.8', '10.2', '5.6', '4.0', '2.7', '1.7', '1.1', '0.8', '0.6', '0.4']
Client18 : ['86.2', '56.0', '58.5', '42.9', '43.9', '45.1', '37.8', '39.5', '40.7', '41.6', '43.6', '38.0', '37.3', '53.2']
Client19 : ['820.0', '83.6', '44.3', '28.1', '18.7', '14.3', '9.4', '7.9', '6.0', '6.1', '4.2', '4.0', '5.7', '4.4']
Avg Sum_T_FIM : ['392.9', '209.5', '124.4', '108.4', '318.4', '108.2', '155.6', '178.8', '546.5', '273.5', '536.4', '279.9', '499.5', '247.8']
------------------------- time cost ------------------------- 95.06110167503357

-------------Round number: 14-------------

Evaluate global model
Averaged Train Loss: 0.3771
Averaged Local Test Accuracy: 0.8660
Averaged Global Test Accuracy: 0.1419
Averaged Test AUC: 0.9871
Std Test Accuracy: 0.1312
Std Test AUC: 0.0202
Client0 : ['71.4', '181.2', '138.4', '95.2', '91.0', '78.2', '85.7', '108.8', '86.7', '105.0', '115.8', '152.9', '180.4', '134.5', '170.7']
Client1 : ['400.4', '289.5', '108.3', '108.5', '83.7', '88.4', '83.9', '52.5', '189.3', '64.3', '143.1', '88.2', '118.2', '201.6', '69.3']
Client2 : ['155.6', '394.9', '137.5', '99.9', '43.4', '61.5', '80.2', '40.4', '35.9', '45.5', '53.0', '33.2', '62.8', '202.7', '89.2']
Client3 : ['505.0', '220.4', '103.1', '101.5', '69.8', '88.7', '47.4', '42.1', '55.2', '43.4', '127.3', '77.5', '74.2', '48.2', '44.0']
Client4 : ['85.2', '131.4', '18.5', '14.8', '12.6', '9.9', '11.8', '6.5', '5.5', '5.9', '5.4', '6.7', '4.9', '6.0', '5.7']
Client5 : ['715.4', '211.8', '157.4', '226.5', '850.4', '373.8', '363.1', '381.9', '1573.1', '1255.7', '1898.1', '814.6', '947.4', '470.2', '907.0']
Client6 : ['77.7', '285.9', '149.5', '79.7', '59.1', '55.2', '62.5', '52.9', '53.2', '42.4', '57.8', '70.8', '76.4', '113.7', '72.9']
Client7 : ['451.9', '183.7', '129.3', '114.0', '123.7', '116.0', '120.2', '135.5', '107.1', '779.2', '428.9', '210.8', '166.6', '345.1', '323.3']
Client8 : ['586.8', '153.8', '129.5', '82.5', '45.7', '52.0', '61.3', '77.2', '55.4', '72.9', '82.0', '123.9', '82.0', '85.6', '75.7']
Client9 : ['827.3', '165.5', '91.2', '83.4', '108.4', '80.0', '95.1', '133.9', '85.0', '178.8', '133.1', '183.2', '161.1', '122.5', '154.3']
Client10 : ['30.7', '180.2', '242.4', '124.6', '85.8', '105.5', '79.8', '64.8', '44.5', '71.1', '85.4', '59.8', '85.3', '63.7', '56.4']
Client11 : ['120.2', '263.8', '103.2', '77.7', '84.1', '86.5', '105.7', '101.1', '93.3', '99.0', '104.1', '115.1', '110.5', '174.6', '118.2']
Client12 : ['317.2', '576.5', '386.8', '394.1', '4071.3', '384.9', '706.8', '720.1', '7577.6', '1673.1', '3604.0', '1423.3', '5748.4', '1466.9', '5600.1']
Client13 : ['144.6', '318.9', '103.1', '71.8', '66.4', '51.2', '58.7', '72.2', '47.5', '89.7', '87.5', '83.5', '99.1', '85.2', '58.2']
Client14 : ['578.5', '38.9', '36.5', '34.2', '39.8', '42.3', '66.1', '126.6', '179.7', '36.4', '35.9', '56.2', '65.9', '39.9', '63.1']
Client15 : ['562.7', '175.8', '153.2', '179.9', '204.2', '235.4', '245.0', '658.2', '342.0', '431.0', '1428.0', '640.1', '1152.0', '779.5', '1486.7']
Client16 : ['687.5', '215.4', '164.3', '186.8', '250.9', '184.7', '785.8', '749.9', '350.2', '427.1', '2288.6', '1415.9', '811.4', '557.4', '276.5']
Client17 : ['633.8', '63.1', '33.0', '22.6', '14.8', '10.2', '5.6', '4.0', '2.7', '1.7', '1.1', '0.8', '0.6', '0.4', '0.3']
Client18 : ['86.2', '56.0', '58.5', '42.9', '43.9', '45.1', '37.8', '39.5', '40.7', '41.6', '43.6', '38.0', '37.3', '53.2', '56.2']
Client19 : ['820.0', '83.6', '44.3', '28.1', '18.7', '14.3', '9.4', '7.9', '6.0', '6.1', '4.2', '4.0', '5.7', '4.4', '5.1']
Avg Sum_T_FIM : ['392.9', '209.5', '124.4', '108.4', '318.4', '108.2', '155.6', '178.8', '546.5', '273.5', '536.4', '279.9', '499.5', '247.8', '481.6']
------------------------- time cost ------------------------- 86.86901092529297

-------------Round number: 15-------------

Evaluate global model
Averaged Train Loss: 0.3719
Averaged Local Test Accuracy: 0.8682
Averaged Global Test Accuracy: 0.1425
Averaged Test AUC: 0.9874
Std Test Accuracy: 0.1306
Std Test AUC: 0.0198
Client0 : ['71.4', '181.2', '138.4', '95.2', '91.0', '78.2', '85.7', '108.8', '86.7', '105.0', '115.8', '152.9', '180.4', '134.5', '170.7', '316.4']
Client1 : ['400.4', '289.5', '108.3', '108.5', '83.7', '88.4', '83.9', '52.5', '189.3', '64.3', '143.1', '88.2', '118.2', '201.6', '69.3', '119.6']
Client2 : ['155.6', '394.9', '137.5', '99.9', '43.4', '61.5', '80.2', '40.4', '35.9', '45.5', '53.0', '33.2', '62.8', '202.7', '89.2', '115.3']
Client3 : ['505.0', '220.4', '103.1', '101.5', '69.8', '88.7', '47.4', '42.1', '55.2', '43.4', '127.3', '77.5', '74.2', '48.2', '44.0', '69.4']
Client4 : ['85.2', '131.4', '18.5', '14.8', '12.6', '9.9', '11.8', '6.5', '5.5', '5.9', '5.4', '6.7', '4.9', '6.0', '5.7', '6.8']
Client5 : ['715.4', '211.8', '157.4', '226.5', '850.4', '373.8', '363.1', '381.9', '1573.1', '1255.7', '1898.1', '814.6', '947.4', '470.2', '907.0', '431.4']
Client6 : ['77.7', '285.9', '149.5', '79.7', '59.1', '55.2', '62.5', '52.9', '53.2', '42.4', '57.8', '70.8', '76.4', '113.7', '72.9', '82.3']
Client7 : ['451.9', '183.7', '129.3', '114.0', '123.7', '116.0', '120.2', '135.5', '107.1', '779.2', '428.9', '210.8', '166.6', '345.1', '323.3', '312.6']
Client8 : ['586.8', '153.8', '129.5', '82.5', '45.7', '52.0', '61.3', '77.2', '55.4', '72.9', '82.0', '123.9', '82.0', '85.6', '75.7', '99.9']
Client9 : ['827.3', '165.5', '91.2', '83.4', '108.4', '80.0', '95.1', '133.9', '85.0', '178.8', '133.1', '183.2', '161.1', '122.5', '154.3', '384.4']
Client10 : ['30.7', '180.2', '242.4', '124.6', '85.8', '105.5', '79.8', '64.8', '44.5', '71.1', '85.4', '59.8', '85.3', '63.7', '56.4', '363.6']
Client11 : ['120.2', '263.8', '103.2', '77.7', '84.1', '86.5', '105.7', '101.1', '93.3', '99.0', '104.1', '115.1', '110.5', '174.6', '118.2', '98.5']
Client12 : ['317.2', '576.5', '386.8', '394.1', '4071.3', '384.9', '706.8', '720.1', '7577.6', '1673.1', '3604.0', '1423.3', '5748.4', '1466.9', '5600.1', '4591.0']
Client13 : ['144.6', '318.9', '103.1', '71.8', '66.4', '51.2', '58.7', '72.2', '47.5', '89.7', '87.5', '83.5', '99.1', '85.2', '58.2', '67.6']
Client14 : ['578.5', '38.9', '36.5', '34.2', '39.8', '42.3', '66.1', '126.6', '179.7', '36.4', '35.9', '56.2', '65.9', '39.9', '63.1', '45.2']
Client15 : ['562.7', '175.8', '153.2', '179.9', '204.2', '235.4', '245.0', '658.2', '342.0', '431.0', '1428.0', '640.1', '1152.0', '779.5', '1486.7', '1257.3']
Client16 : ['687.5', '215.4', '164.3', '186.8', '250.9', '184.7', '785.8', '749.9', '350.2', '427.1', '2288.6', '1415.9', '811.4', '557.4', '276.5', '895.3']
Client17 : ['633.8', '63.1', '33.0', '22.6', '14.8', '10.2', '5.6', '4.0', '2.7', '1.7', '1.1', '0.8', '0.6', '0.4', '0.3', '0.2']
Client18 : ['86.2', '56.0', '58.5', '42.9', '43.9', '45.1', '37.8', '39.5', '40.7', '41.6', '43.6', '38.0', '37.3', '53.2', '56.2', '38.0']
Client19 : ['820.0', '83.6', '44.3', '28.1', '18.7', '14.3', '9.4', '7.9', '6.0', '6.1', '4.2', '4.0', '5.7', '4.4', '5.1', '6.3']
Avg Sum_T_FIM : ['392.9', '209.5', '124.4', '108.4', '318.4', '108.2', '155.6', '178.8', '546.5', '273.5', '536.4', '279.9', '499.5', '247.8', '481.6', '465.1']
------------------------- time cost ------------------------- 96.64197182655334

-------------Round number: 16-------------

Evaluate global model
Averaged Train Loss: 0.3741
Averaged Local Test Accuracy: 0.8686
Averaged Global Test Accuracy: 0.1427
Averaged Test AUC: 0.9875
Std Test Accuracy: 0.1284
Std Test AUC: 0.0199
Client0 : ['71.4', '181.2', '138.4', '95.2', '91.0', '78.2', '85.7', '108.8', '86.7', '105.0', '115.8', '152.9', '180.4', '134.5', '170.7', '316.4', '193.1']
Client1 : ['400.4', '289.5', '108.3', '108.5', '83.7', '88.4', '83.9', '52.5', '189.3', '64.3', '143.1', '88.2', '118.2', '201.6', '69.3', '119.6', '238.8']
Client2 : ['155.6', '394.9', '137.5', '99.9', '43.4', '61.5', '80.2', '40.4', '35.9', '45.5', '53.0', '33.2', '62.8', '202.7', '89.2', '115.3', '74.4']
Client3 : ['505.0', '220.4', '103.1', '101.5', '69.8', '88.7', '47.4', '42.1', '55.2', '43.4', '127.3', '77.5', '74.2', '48.2', '44.0', '69.4', '72.4']
Client4 : ['85.2', '131.4', '18.5', '14.8', '12.6', '9.9', '11.8', '6.5', '5.5', '5.9', '5.4', '6.7', '4.9', '6.0', '5.7', '6.8', '5.8']
Client5 : ['715.4', '211.8', '157.4', '226.5', '850.4', '373.8', '363.1', '381.9', '1573.1', '1255.7', '1898.1', '814.6', '947.4', '470.2', '907.0', '431.4', '710.4']
Client6 : ['77.7', '285.9', '149.5', '79.7', '59.1', '55.2', '62.5', '52.9', '53.2', '42.4', '57.8', '70.8', '76.4', '113.7', '72.9', '82.3', '142.8']
Client7 : ['451.9', '183.7', '129.3', '114.0', '123.7', '116.0', '120.2', '135.5', '107.1', '779.2', '428.9', '210.8', '166.6', '345.1', '323.3', '312.6', '389.5']
Client8 : ['586.8', '153.8', '129.5', '82.5', '45.7', '52.0', '61.3', '77.2', '55.4', '72.9', '82.0', '123.9', '82.0', '85.6', '75.7', '99.9', '109.6']
Client9 : ['827.3', '165.5', '91.2', '83.4', '108.4', '80.0', '95.1', '133.9', '85.0', '178.8', '133.1', '183.2', '161.1', '122.5', '154.3', '384.4', '245.8']
Client10 : ['30.7', '180.2', '242.4', '124.6', '85.8', '105.5', '79.8', '64.8', '44.5', '71.1', '85.4', '59.8', '85.3', '63.7', '56.4', '363.6', '257.4']
Client11 : ['120.2', '263.8', '103.2', '77.7', '84.1', '86.5', '105.7', '101.1', '93.3', '99.0', '104.1', '115.1', '110.5', '174.6', '118.2', '98.5', '148.6']
Client12 : ['317.2', '576.5', '386.8', '394.1', '4071.3', '384.9', '706.8', '720.1', '7577.6', '1673.1', '3604.0', '1423.3', '5748.4', '1466.9', '5600.1', '4591.0', '2213.9']
Client13 : ['144.6', '318.9', '103.1', '71.8', '66.4', '51.2', '58.7', '72.2', '47.5', '89.7', '87.5', '83.5', '99.1', '85.2', '58.2', '67.6', '165.9']
Client14 : ['578.5', '38.9', '36.5', '34.2', '39.8', '42.3', '66.1', '126.6', '179.7', '36.4', '35.9', '56.2', '65.9', '39.9', '63.1', '45.2', '50.4']
Client15 : ['562.7', '175.8', '153.2', '179.9', '204.2', '235.4', '245.0', '658.2', '342.0', '431.0', '1428.0', '640.1', '1152.0', '779.5', '1486.7', '1257.3', '612.7']
Client16 : ['687.5', '215.4', '164.3', '186.8', '250.9', '184.7', '785.8', '749.9', '350.2', '427.1', '2288.6', '1415.9', '811.4', '557.4', '276.5', '895.3', '590.2']
Client17 : ['633.8', '63.1', '33.0', '22.6', '14.8', '10.2', '5.6', '4.0', '2.7', '1.7', '1.1', '0.8', '0.6', '0.4', '0.3', '0.2', '0.2']
Client18 : ['86.2', '56.0', '58.5', '42.9', '43.9', '45.1', '37.8', '39.5', '40.7', '41.6', '43.6', '38.0', '37.3', '53.2', '56.2', '38.0', '52.6']
Client19 : ['820.0', '83.6', '44.3', '28.1', '18.7', '14.3', '9.4', '7.9', '6.0', '6.1', '4.2', '4.0', '5.7', '4.4', '5.1', '6.3', '6.1']
Avg Sum_T_FIM : ['392.9', '209.5', '124.4', '108.4', '318.4', '108.2', '155.6', '178.8', '546.5', '273.5', '536.4', '279.9', '499.5', '247.8', '481.6', '465.1', '314.0']
------------------------- time cost ------------------------- 89.71054410934448

-------------Round number: 17-------------

Evaluate global model
Averaged Train Loss: 0.3583
Averaged Local Test Accuracy: 0.8735
Averaged Global Test Accuracy: 0.1446
Averaged Test AUC: 0.9881
Std Test Accuracy: 0.1284
Std Test AUC: 0.0193
